2019-08-07 12:44:37.027  INFO [Product,,,] 13144 --- [main] c.c.c.ConfigServicePropertySourceLocator : Fetching config from server at : http://localhost:8980
2019-08-07 12:44:37.087 DEBUG [Product,,,] 13144 --- [main] o.s.web.client.RestTemplate              : HTTP GET http://localhost:8980/Product/development
2019-08-07 12:44:37.211 DEBUG [Product,,,] 13144 --- [main] o.s.web.client.RestTemplate              : Accept=[application/json, application/cbor, application/*+json]
2019-08-07 12:44:40.079 DEBUG [Product,,,] 13144 --- [main] o.s.web.client.RestTemplate              : Response 200 OK
2019-08-07 12:44:40.091 DEBUG [Product,,,] 13144 --- [main] o.s.web.client.RestTemplate              : Reading to [org.springframework.cloud.config.environment.Environment]
2019-08-07 12:44:40.142  INFO [Product,,,] 13144 --- [main] c.c.c.ConfigServicePropertySourceLocator : Located environment: name=Product, profiles=[development], label=null, version=99d0a0eed953c044e0aa547cb3575b4141eb87f6, state=null
2019-08-07 12:44:40.143  INFO [Product,,,] 13144 --- [main] b.c.PropertySourceBootstrapConfiguration : Located property source: CompositePropertySource {name='configService', propertySources=[MapPropertySource {name='configClient'}, MapPropertySource {name='https://github.com/pravalk/External-Configuration.git/Product-development.properties'}]}
2019-08-07 12:44:40.334  INFO [Product,,,] 13144 --- [main] com.ulta.product.ProductApplication      : The following profiles are active: development
2019-08-07 12:44:43.101  WARN [Product,,,] 13144 --- [main] o.s.boot.actuate.endpoint.EndpointId     : Endpoint ID 'service-registry' contains invalid characters, please migrate to a valid format.
2019-08-07 12:44:43.776  INFO [Product,,,] 13144 --- [main] o.s.cloud.context.scope.GenericScope     : BeanFactory id=8c067042-8f64-37f7-bc01-cf026a2e8e6a
2019-08-07 12:44:44.442  INFO [Product,,,] 13144 --- [main] trationDelegate$BeanPostProcessorChecker : Bean 'org.springframework.cloud.autoconfigure.ConfigurationPropertiesRebinderAutoConfiguration' of type [org.springframework.cloud.autoconfigure.ConfigurationPropertiesRebinderAutoConfiguration$$EnhancerBySpringCGLIB$$fcf29476] is not eligible for getting processed by all BeanPostProcessors (for example: not eligible for auto-proxying)
2019-08-07 12:44:44.537 ERROR [Product,,,] 13144 --- [main] o.a.catalina.core.AprLifecycleListener   : An incompatible version [1.2.10] of the APR based Apache Tomcat Native library is installed, while Tomcat requires version [1.2.14]
2019-08-07 12:44:45.198 ERROR [Product,,,] 13144 --- [main] o.a.catalina.core.AprLifecycleListener   : An incompatible version [1.2.10] of the APR based Apache Tomcat Native library is installed, while Tomcat requires version [1.2.14]
2019-08-07 12:44:45.364  INFO [Product,,,] 13144 --- [main] o.s.b.w.embedded.tomcat.TomcatWebServer  : Tomcat initialized with port(s): 9090 (http)
2019-08-07 12:44:45.395 ERROR [Product,,,] 13144 --- [main] o.a.catalina.core.AprLifecycleListener   : An incompatible version [1.2.10] of the APR based Apache Tomcat Native library is installed, while Tomcat requires version [1.2.14]
2019-08-07 12:44:45.415  INFO [Product,,,] 13144 --- [main] o.apache.catalina.core.StandardService   : Starting service [Tomcat]
2019-08-07 12:44:45.416  INFO [Product,,,] 13144 --- [main] org.apache.catalina.core.StandardEngine  : Starting Servlet engine: [Apache Tomcat/9.0.21]
2019-08-07 12:44:47.085  INFO [Product,,,] 13144 --- [main] o.a.c.c.C.[Tomcat].[localhost].[/]       : Initializing Spring embedded WebApplicationContext
2019-08-07 12:44:47.086 DEBUG [Product,,,] 13144 --- [main] o.s.web.context.ContextLoader            : Published root WebApplicationContext as ServletContext attribute with name [org.springframework.web.context.WebApplicationContext.ROOT]
2019-08-07 12:44:47.086  INFO [Product,,,] 13144 --- [main] o.s.web.context.ContextLoader            : Root WebApplicationContext: initialization completed in 6727 ms
2019-08-07 12:44:47.414  WARN [Product,,,] 13144 --- [main] c.n.c.sources.URLConfigurationSource     : No URLs will be polled as dynamic configuration sources.
2019-08-07 12:44:47.415  INFO [Product,,,] 13144 --- [main] c.n.c.sources.URLConfigurationSource     : To enable URLs as dynamic configuration sources, define System property archaius.configurationSource.additionalUrls or make config.properties available on classpath.
2019-08-07 12:44:47.439  INFO [Product,,,] 13144 --- [main] c.netflix.config.DynamicPropertyFactory  : DynamicPropertyFactory is initialized with configuration sources: com.netflix.config.ConcurrentCompositeConfiguration@72557746
2019-08-07 12:44:50.542 DEBUG [Product,,,] 13144 --- [main] s.w.s.m.m.a.RequestMappingHandlerMapping : 6 mappings in 'requestMappingHandlerMapping'
2019-08-07 12:44:50.608  INFO [Product,,,] 13144 --- [main] o.s.b.a.e.web.EndpointLinksResolver      : Exposing 1 endpoint(s) beneath base path '/actuator'
2019-08-07 12:44:50.879  INFO [Product,,,] 13144 --- [main] pertySourcedRequestMappingHandlerMapping : Mapped URL path [/v2/api-docs] onto method [public org.springframework.http.ResponseEntity<springfox.documentation.spring.web.json.Json> springfox.documentation.swagger2.web.Swagger2Controller.getDocumentation(java.lang.String,javax.servlet.http.HttpServletRequest)]
2019-08-07 12:44:50.929  WARN [Product,,,] 13144 --- [main] c.n.c.sources.URLConfigurationSource     : No URLs will be polled as dynamic configuration sources.
2019-08-07 12:44:50.929  INFO [Product,,,] 13144 --- [main] c.n.c.sources.URLConfigurationSource     : To enable URLs as dynamic configuration sources, define System property archaius.configurationSource.additionalUrls or make config.properties available on classpath.
2019-08-07 12:44:51.128 DEBUG [Product,,,] 13144 --- [main] o.s.w.s.handler.SimpleUrlHandlerMapping  : Patterns [/**/favicon.ico] in 'faviconHandlerMapping'
2019-08-07 12:44:51.391  INFO [Product,,,] 13144 --- [main] o.s.s.concurrent.ThreadPoolTaskExecutor  : Initializing ExecutorService 'applicationTaskExecutor'
2019-08-07 12:44:51.481 DEBUG [Product,,,] 13144 --- [main] s.w.s.m.m.a.RequestMappingHandlerAdapter : ControllerAdvice beans: 0 @ModelAttribute, 0 @InitBinder, 1 RequestBodyAdvice, 1 ResponseBodyAdvice
2019-08-07 12:44:51.566 DEBUG [Product,,,] 13144 --- [main] o.s.w.s.handler.SimpleUrlHandlerMapping  : Patterns [/webjars/**, /**] in 'resourceHandlerMapping'
2019-08-07 12:44:51.584 DEBUG [Product,,,] 13144 --- [main] .m.m.a.ExceptionHandlerExceptionResolver : ControllerAdvice beans: 1 @ExceptionHandler, 1 ResponseBodyAdvice
2019-08-07 12:44:53.305  INFO [Product,,,] 13144 --- [main] o.s.c.n.eureka.InstanceInfoFactory       : Setting initial instance status as: STARTING
2019-08-07 12:44:53.394  INFO [Product,,,] 13144 --- [main] com.netflix.discovery.DiscoveryClient    : Initializing Eureka in region us-east-1
2019-08-07 12:44:53.793  INFO [Product,,,] 13144 --- [main] c.n.d.provider.DiscoveryJerseyProvider   : Using JSON encoding codec LegacyJacksonJson
2019-08-07 12:44:53.793  INFO [Product,,,] 13144 --- [main] c.n.d.provider.DiscoveryJerseyProvider   : Using JSON decoding codec LegacyJacksonJson
2019-08-07 12:44:54.099  INFO [Product,,,] 13144 --- [main] c.n.d.provider.DiscoveryJerseyProvider   : Using XML encoding codec XStreamXml
2019-08-07 12:44:54.100  INFO [Product,,,] 13144 --- [main] c.n.d.provider.DiscoveryJerseyProvider   : Using XML decoding codec XStreamXml
2019-08-07 12:44:54.421  INFO [Product,,,] 13144 --- [main] c.n.d.s.r.aws.ConfigClusterResolver      : Resolving eureka endpoints via configuration
2019-08-07 12:44:54.635  INFO [Product,,,] 13144 --- [main] com.netflix.discovery.DiscoveryClient    : Disable delta property : false
2019-08-07 12:44:54.636  INFO [Product,,,] 13144 --- [main] com.netflix.discovery.DiscoveryClient    : Single vip registry refresh property : null
2019-08-07 12:44:54.636  INFO [Product,,,] 13144 --- [main] com.netflix.discovery.DiscoveryClient    : Force full registry fetch : false
2019-08-07 12:44:54.636  INFO [Product,,,] 13144 --- [main] com.netflix.discovery.DiscoveryClient    : Application is null : false
2019-08-07 12:44:54.637  INFO [Product,,,] 13144 --- [main] com.netflix.discovery.DiscoveryClient    : Registered Applications size is zero : true
2019-08-07 12:44:54.637  INFO [Product,,,] 13144 --- [main] com.netflix.discovery.DiscoveryClient    : Application version is -1: true
2019-08-07 12:44:54.637  INFO [Product,,,] 13144 --- [main] com.netflix.discovery.DiscoveryClient    : Getting all instance registry info from the eureka server
2019-08-07 12:44:56.836 ERROR [Product,,,] 13144 --- [main] c.n.d.s.t.d.RedirectingEurekaHttpClient  : Request execution error. endpoint=DefaultEndpoint{ serviceUrl='http://localhost:8761/eureka/}

com.sun.jersey.api.client.ClientHandlerException: java.net.ConnectException: Connection refused: connect
	at com.sun.jersey.client.apache4.ApacheHttpClient4Handler.handle(ApacheHttpClient4Handler.java:187) ~[jersey-apache-client4-1.19.1.jar:1.19.1]
	at com.sun.jersey.api.client.filter.GZIPContentEncodingFilter.handle(GZIPContentEncodingFilter.java:123) ~[jersey-client-1.19.1.jar:1.19.1]
	at com.netflix.discovery.EurekaIdentityHeaderFilter.handle(EurekaIdentityHeaderFilter.java:27) ~[eureka-client-1.9.12.jar:1.9.12]
	at com.sun.jersey.api.client.Client.handle(Client.java:652) ~[jersey-client-1.19.1.jar:1.19.1]
	at com.sun.jersey.api.client.WebResource.handle(WebResource.java:682) ~[jersey-client-1.19.1.jar:1.19.1]
	at com.sun.jersey.api.client.WebResource.access$200(WebResource.java:74) ~[jersey-client-1.19.1.jar:1.19.1]
	at com.sun.jersey.api.client.WebResource$Builder.get(WebResource.java:509) ~[jersey-client-1.19.1.jar:1.19.1]
	at com.netflix.discovery.shared.transport.jersey.AbstractJerseyEurekaHttpClient.getApplicationsInternal(AbstractJerseyEurekaHttpClient.java:194) ~[eureka-client-1.9.12.jar:1.9.12]
	at com.netflix.discovery.shared.transport.jersey.AbstractJerseyEurekaHttpClient.getApplications(AbstractJerseyEurekaHttpClient.java:165) ~[eureka-client-1.9.12.jar:1.9.12]
	at com.netflix.discovery.shared.transport.decorator.EurekaHttpClientDecorator$6.execute(EurekaHttpClientDecorator.java:137) [eureka-client-1.9.12.jar:1.9.12]
	at com.netflix.discovery.shared.transport.decorator.MetricsCollectingEurekaHttpClient.execute(MetricsCollectingEurekaHttpClient.java:73) ~[eureka-client-1.9.12.jar:1.9.12]
	at com.netflix.discovery.shared.transport.decorator.EurekaHttpClientDecorator.getApplications(EurekaHttpClientDecorator.java:134) [eureka-client-1.9.12.jar:1.9.12]
	at com.netflix.discovery.shared.transport.decorator.EurekaHttpClientDecorator$6.execute(EurekaHttpClientDecorator.java:137) [eureka-client-1.9.12.jar:1.9.12]
	at com.netflix.discovery.shared.transport.decorator.RedirectingEurekaHttpClient.executeOnNewServer(RedirectingEurekaHttpClient.java:118) ~[eureka-client-1.9.12.jar:1.9.12]
	at com.netflix.discovery.shared.transport.decorator.RedirectingEurekaHttpClient.execute(RedirectingEurekaHttpClient.java:79) ~[eureka-client-1.9.12.jar:1.9.12]
	at com.netflix.discovery.shared.transport.decorator.EurekaHttpClientDecorator.getApplications(EurekaHttpClientDecorator.java:134) [eureka-client-1.9.12.jar:1.9.12]
	at com.netflix.discovery.shared.transport.decorator.EurekaHttpClientDecorator$6.execute(EurekaHttpClientDecorator.java:137) [eureka-client-1.9.12.jar:1.9.12]
	at com.netflix.discovery.shared.transport.decorator.RetryableEurekaHttpClient.execute(RetryableEurekaHttpClient.java:120) [eureka-client-1.9.12.jar:1.9.12]
	at com.netflix.discovery.shared.transport.decorator.EurekaHttpClientDecorator.getApplications(EurekaHttpClientDecorator.java:134) [eureka-client-1.9.12.jar:1.9.12]
	at com.netflix.discovery.shared.transport.decorator.EurekaHttpClientDecorator$6.execute(EurekaHttpClientDecorator.java:137) [eureka-client-1.9.12.jar:1.9.12]
	at com.netflix.discovery.shared.transport.decorator.SessionedEurekaHttpClient.execute(SessionedEurekaHttpClient.java:77) [eureka-client-1.9.12.jar:1.9.12]
	at com.netflix.discovery.shared.transport.decorator.EurekaHttpClientDecorator.getApplications(EurekaHttpClientDecorator.java:134) [eureka-client-1.9.12.jar:1.9.12]
	at com.netflix.discovery.DiscoveryClient.getAndStoreFullRegistry(DiscoveryClient.java:1069) [eureka-client-1.9.12.jar:1.9.12]
	at com.netflix.discovery.DiscoveryClient.fetchRegistry(DiscoveryClient.java:983) [eureka-client-1.9.12.jar:1.9.12]
	at com.netflix.discovery.DiscoveryClient.<init>(DiscoveryClient.java:430) [eureka-client-1.9.12.jar:1.9.12]
	at com.netflix.discovery.DiscoveryClient.<init>(DiscoveryClient.java:276) [eureka-client-1.9.12.jar:1.9.12]
	at com.netflix.discovery.DiscoveryClient.<init>(DiscoveryClient.java:272) [eureka-client-1.9.12.jar:1.9.12]
	at org.springframework.cloud.netflix.eureka.CloudEurekaClient.<init>(CloudEurekaClient.java:67) [spring-cloud-netflix-eureka-client-2.1.2.RELEASE.jar:2.1.2.RELEASE]
	at org.springframework.cloud.netflix.eureka.EurekaClientAutoConfiguration$RefreshableEurekaClientConfiguration.eurekaClient(EurekaClientAutoConfiguration.java:330) [spring-cloud-netflix-eureka-client-2.1.2.RELEASE.jar:2.1.2.RELEASE]
	at org.springframework.cloud.netflix.eureka.EurekaClientAutoConfiguration$RefreshableEurekaClientConfiguration$$EnhancerBySpringCGLIB$$45b8d95.CGLIB$eurekaClient$0(<generated>) [spring-cloud-netflix-eureka-client-2.1.2.RELEASE.jar:2.1.2.RELEASE]
	at org.springframework.cloud.netflix.eureka.EurekaClientAutoConfiguration$RefreshableEurekaClientConfiguration$$EnhancerBySpringCGLIB$$45b8d95$$FastClassBySpringCGLIB$$75c22a47.invoke(<generated>) [spring-cloud-netflix-eureka-client-2.1.2.RELEASE.jar:2.1.2.RELEASE]
	at org.springframework.cglib.proxy.MethodProxy.invokeSuper(MethodProxy.java:244) [spring-core-5.1.8.RELEASE.jar:5.1.8.RELEASE]
	at org.springframework.context.annotation.ConfigurationClassEnhancer$BeanMethodInterceptor.intercept(ConfigurationClassEnhancer.java:363) [spring-context-5.1.8.RELEASE.jar:5.1.8.RELEASE]
	at org.springframework.cloud.netflix.eureka.EurekaClientAutoConfiguration$RefreshableEurekaClientConfiguration$$EnhancerBySpringCGLIB$$45b8d95.eurekaClient(<generated>) [spring-cloud-netflix-eureka-client-2.1.2.RELEASE.jar:2.1.2.RELEASE]
	at sun.reflect.NativeMethodAccessorImpl.invoke0(Native Method) ~[na:1.8.0_212]
	at sun.reflect.NativeMethodAccessorImpl.invoke(NativeMethodAccessorImpl.java:62) ~[na:1.8.0_212]
	at sun.reflect.DelegatingMethodAccessorImpl.invoke(DelegatingMethodAccessorImpl.java:43) ~[na:1.8.0_212]
	at java.lang.reflect.Method.invoke(Method.java:498) ~[na:1.8.0_212]
	at org.springframework.beans.factory.support.SimpleInstantiationStrategy.instantiate(SimpleInstantiationStrategy.java:154) [spring-beans-5.1.8.RELEASE.jar:5.1.8.RELEASE]
	at org.springframework.beans.factory.support.ConstructorResolver.instantiate(ConstructorResolver.java:622) [spring-beans-5.1.8.RELEASE.jar:5.1.8.RELEASE]
	at org.springframework.beans.factory.support.ConstructorResolver.instantiateUsingFactoryMethod(ConstructorResolver.java:607) [spring-beans-5.1.8.RELEASE.jar:5.1.8.RELEASE]
	at org.springframework.beans.factory.support.AbstractAutowireCapableBeanFactory.instantiateUsingFactoryMethod(AbstractAutowireCapableBeanFactory.java:1321) [spring-beans-5.1.8.RELEASE.jar:5.1.8.RELEASE]
	at org.springframework.beans.factory.support.AbstractAutowireCapableBeanFactory.createBeanInstance(AbstractAutowireCapableBeanFactory.java:1160) [spring-beans-5.1.8.RELEASE.jar:5.1.8.RELEASE]
	at org.springframework.beans.factory.support.AbstractAutowireCapableBeanFactory.doCreateBean(AbstractAutowireCapableBeanFactory.java:555) [spring-beans-5.1.8.RELEASE.jar:5.1.8.RELEASE]
	at org.springframework.beans.factory.support.AbstractAutowireCapableBeanFactory.createBean(AbstractAutowireCapableBeanFactory.java:515) [spring-beans-5.1.8.RELEASE.jar:5.1.8.RELEASE]
	at org.springframework.beans.factory.support.AbstractBeanFactory.lambda$doGetBean$1(AbstractBeanFactory.java:356) [spring-beans-5.1.8.RELEASE.jar:5.1.8.RELEASE]
	at org.springframework.cloud.context.scope.GenericScope$BeanLifecycleWrapper.getBean(GenericScope.java:389) ~[spring-cloud-context-2.1.2.RELEASE.jar:2.1.2.RELEASE]
	at org.springframework.cloud.context.scope.GenericScope.get(GenericScope.java:186) ~[spring-cloud-context-2.1.2.RELEASE.jar:2.1.2.RELEASE]
	at org.springframework.beans.factory.support.AbstractBeanFactory.doGetBean(AbstractBeanFactory.java:353) [spring-beans-5.1.8.RELEASE.jar:5.1.8.RELEASE]
	at org.springframework.beans.factory.support.AbstractBeanFactory.getBean(AbstractBeanFactory.java:199) [spring-beans-5.1.8.RELEASE.jar:5.1.8.RELEASE]
	at org.springframework.aop.target.SimpleBeanTargetSource.getTarget(SimpleBeanTargetSource.java:35) ~[spring-aop-5.1.8.RELEASE.jar:5.1.8.RELEASE]
	at org.springframework.cloud.netflix.eureka.serviceregistry.EurekaRegistration.getTargetObject(EurekaRegistration.java:129) ~[spring-cloud-netflix-eureka-client-2.1.2.RELEASE.jar:2.1.2.RELEASE]
	at org.springframework.cloud.netflix.eureka.serviceregistry.EurekaRegistration.getEurekaClient(EurekaRegistration.java:117) ~[spring-cloud-netflix-eureka-client-2.1.2.RELEASE.jar:2.1.2.RELEASE]
	at sun.reflect.NativeMethodAccessorImpl.invoke0(Native Method) ~[na:1.8.0_212]
	at sun.reflect.NativeMethodAccessorImpl.invoke(NativeMethodAccessorImpl.java:62) ~[na:1.8.0_212]
	at sun.reflect.DelegatingMethodAccessorImpl.invoke(DelegatingMethodAccessorImpl.java:43) ~[na:1.8.0_212]
	at java.lang.reflect.Method.invoke(Method.java:498) ~[na:1.8.0_212]
	at org.springframework.util.ReflectionUtils.invokeMethod(ReflectionUtils.java:282) ~[spring-core-5.1.8.RELEASE.jar:5.1.8.RELEASE]
	at org.springframework.cloud.context.scope.GenericScope$LockedScopedProxyFactoryBean.invoke(GenericScope.java:499) ~[spring-cloud-context-2.1.2.RELEASE.jar:2.1.2.RELEASE]
	at org.springframework.aop.framework.ReflectiveMethodInvocation.proceed(ReflectiveMethodInvocation.java:186) ~[spring-aop-5.1.8.RELEASE.jar:5.1.8.RELEASE]
	at org.springframework.aop.framework.CglibAopProxy$DynamicAdvisedInterceptor.intercept(CglibAopProxy.java:688) ~[spring-aop-5.1.8.RELEASE.jar:5.1.8.RELEASE]
	at org.springframework.cloud.netflix.eureka.serviceregistry.EurekaRegistration$$EnhancerBySpringCGLIB$$274c365b.getEurekaClient(<generated>) ~[spring-cloud-netflix-eureka-client-2.1.2.RELEASE.jar:2.1.2.RELEASE]
	at org.springframework.cloud.netflix.eureka.serviceregistry.EurekaServiceRegistry.maybeInitializeClient(EurekaServiceRegistry.java:57) ~[spring-cloud-netflix-eureka-client-2.1.2.RELEASE.jar:2.1.2.RELEASE]
	at org.springframework.cloud.netflix.eureka.serviceregistry.EurekaServiceRegistry.register(EurekaServiceRegistry.java:38) ~[spring-cloud-netflix-eureka-client-2.1.2.RELEASE.jar:2.1.2.RELEASE]
	at org.springframework.cloud.netflix.eureka.serviceregistry.EurekaAutoServiceRegistration.start(EurekaAutoServiceRegistration.java:83) ~[spring-cloud-netflix-eureka-client-2.1.2.RELEASE.jar:2.1.2.RELEASE]
	at org.springframework.context.support.DefaultLifecycleProcessor.doStart(DefaultLifecycleProcessor.java:182) ~[spring-context-5.1.8.RELEASE.jar:5.1.8.RELEASE]
	at org.springframework.context.support.DefaultLifecycleProcessor.access$200(DefaultLifecycleProcessor.java:53) ~[spring-context-5.1.8.RELEASE.jar:5.1.8.RELEASE]
	at org.springframework.context.support.DefaultLifecycleProcessor$LifecycleGroup.start(DefaultLifecycleProcessor.java:360) ~[spring-context-5.1.8.RELEASE.jar:5.1.8.RELEASE]
	at org.springframework.context.support.DefaultLifecycleProcessor.startBeans(DefaultLifecycleProcessor.java:158) ~[spring-context-5.1.8.RELEASE.jar:5.1.8.RELEASE]
	at org.springframework.context.support.DefaultLifecycleProcessor.onRefresh(DefaultLifecycleProcessor.java:122) ~[spring-context-5.1.8.RELEASE.jar:5.1.8.RELEASE]
	at org.springframework.context.support.AbstractApplicationContext.finishRefresh(AbstractApplicationContext.java:893) ~[spring-context-5.1.8.RELEASE.jar:5.1.8.RELEASE]
	at org.springframework.boot.web.servlet.context.ServletWebServerApplicationContext.finishRefresh(ServletWebServerApplicationContext.java:161) ~[spring-boot-2.1.6.RELEASE.jar:2.1.6.RELEASE]
	at org.springframework.context.support.AbstractApplicationContext.refresh(AbstractApplicationContext.java:552) ~[spring-context-5.1.8.RELEASE.jar:5.1.8.RELEASE]
	at org.springframework.boot.web.servlet.context.ServletWebServerApplicationContext.refresh(ServletWebServerApplicationContext.java:140) ~[spring-boot-2.1.6.RELEASE.jar:2.1.6.RELEASE]
	at org.springframework.boot.SpringApplication.refresh(SpringApplication.java:742) ~[spring-boot-2.1.6.RELEASE.jar:2.1.6.RELEASE]
	at org.springframework.boot.SpringApplication.refreshContext(SpringApplication.java:389) ~[spring-boot-2.1.6.RELEASE.jar:2.1.6.RELEASE]
	at org.springframework.boot.SpringApplication.run(SpringApplication.java:311) ~[spring-boot-2.1.6.RELEASE.jar:2.1.6.RELEASE]
	at org.springframework.boot.SpringApplication.run(SpringApplication.java:1213) ~[spring-boot-2.1.6.RELEASE.jar:2.1.6.RELEASE]
	at org.springframework.boot.SpringApplication.run(SpringApplication.java:1202) ~[spring-boot-2.1.6.RELEASE.jar:2.1.6.RELEASE]
	at com.ulta.product.ProductApplication.main(ProductApplication.java:14) ~[classes/:na]
Caused by: java.net.ConnectException: Connection refused: connect
	at java.net.DualStackPlainSocketImpl.waitForConnect(Native Method) ~[na:1.8.0_212]
	at java.net.DualStackPlainSocketImpl.socketConnect(DualStackPlainSocketImpl.java:85) ~[na:1.8.0_212]
	at java.net.AbstractPlainSocketImpl.doConnect(AbstractPlainSocketImpl.java:350) ~[na:1.8.0_212]
	at java.net.AbstractPlainSocketImpl.connectToAddress(AbstractPlainSocketImpl.java:206) ~[na:1.8.0_212]
	at java.net.AbstractPlainSocketImpl.connect(AbstractPlainSocketImpl.java:188) ~[na:1.8.0_212]
	at java.net.PlainSocketImpl.connect(PlainSocketImpl.java:172) ~[na:1.8.0_212]
	at java.net.SocksSocketImpl.connect(SocksSocketImpl.java:392) ~[na:1.8.0_212]
	at java.net.Socket.connect(Socket.java:589) ~[na:1.8.0_212]
	at org.apache.http.conn.scheme.PlainSocketFactory.connectSocket(PlainSocketFactory.java:121) ~[httpclient-4.5.9.jar:4.5.9]
	at org.apache.http.impl.conn.DefaultClientConnectionOperator.openConnection(DefaultClientConnectionOperator.java:180) ~[httpclient-4.5.9.jar:4.5.9]
	at org.apache.http.impl.conn.AbstractPoolEntry.open(AbstractPoolEntry.java:144) ~[httpclient-4.5.9.jar:4.5.9]
	at org.apache.http.impl.conn.AbstractPooledConnAdapter.open(AbstractPooledConnAdapter.java:134) ~[httpclient-4.5.9.jar:4.5.9]
	at org.apache.http.impl.client.DefaultRequestDirector.tryConnect(DefaultRequestDirector.java:605) ~[httpclient-4.5.9.jar:4.5.9]
	at org.apache.http.impl.client.DefaultRequestDirector.execute(DefaultRequestDirector.java:440) ~[httpclient-4.5.9.jar:4.5.9]
	at org.apache.http.impl.client.AbstractHttpClient.doExecute(AbstractHttpClient.java:835) ~[httpclient-4.5.9.jar:4.5.9]
	at org.apache.http.impl.client.CloseableHttpClient.execute(CloseableHttpClient.java:118) ~[httpclient-4.5.9.jar:4.5.9]
	at org.apache.http.impl.client.CloseableHttpClient.execute(CloseableHttpClient.java:56) ~[httpclient-4.5.9.jar:4.5.9]
	at com.sun.jersey.client.apache4.ApacheHttpClient4Handler.handle(ApacheHttpClient4Handler.java:173) ~[jersey-apache-client4-1.19.1.jar:1.19.1]
	... 79 common frames omitted

2019-08-07 12:44:56.840  WARN [Product,,,] 13144 --- [main] c.n.d.s.t.d.RetryableEurekaHttpClient    : Request execution failed with message: java.net.ConnectException: Connection refused: connect
2019-08-07 12:44:56.844 ERROR [Product,,,] 13144 --- [main] com.netflix.discovery.DiscoveryClient    : DiscoveryClient_PRODUCT/LP-5CD6518TGB.HCLT.CORP.HCL.IN:Product:9090 - was unable to refresh its cache! status = Cannot execute request on any known server

com.netflix.discovery.shared.transport.TransportException: Cannot execute request on any known server
	at com.netflix.discovery.shared.transport.decorator.RetryableEurekaHttpClient.execute(RetryableEurekaHttpClient.java:112) ~[eureka-client-1.9.12.jar:1.9.12]
	at com.netflix.discovery.shared.transport.decorator.EurekaHttpClientDecorator.getApplications(EurekaHttpClientDecorator.java:134) ~[eureka-client-1.9.12.jar:1.9.12]
	at com.netflix.discovery.shared.transport.decorator.EurekaHttpClientDecorator$6.execute(EurekaHttpClientDecorator.java:137) ~[eureka-client-1.9.12.jar:1.9.12]
	at com.netflix.discovery.shared.transport.decorator.SessionedEurekaHttpClient.execute(SessionedEurekaHttpClient.java:77) ~[eureka-client-1.9.12.jar:1.9.12]
	at com.netflix.discovery.shared.transport.decorator.EurekaHttpClientDecorator.getApplications(EurekaHttpClientDecorator.java:134) ~[eureka-client-1.9.12.jar:1.9.12]
	at com.netflix.discovery.DiscoveryClient.getAndStoreFullRegistry(DiscoveryClient.java:1069) [eureka-client-1.9.12.jar:1.9.12]
	at com.netflix.discovery.DiscoveryClient.fetchRegistry(DiscoveryClient.java:983) [eureka-client-1.9.12.jar:1.9.12]
	at com.netflix.discovery.DiscoveryClient.<init>(DiscoveryClient.java:430) [eureka-client-1.9.12.jar:1.9.12]
	at com.netflix.discovery.DiscoveryClient.<init>(DiscoveryClient.java:276) [eureka-client-1.9.12.jar:1.9.12]
	at com.netflix.discovery.DiscoveryClient.<init>(DiscoveryClient.java:272) [eureka-client-1.9.12.jar:1.9.12]
	at org.springframework.cloud.netflix.eureka.CloudEurekaClient.<init>(CloudEurekaClient.java:67) [spring-cloud-netflix-eureka-client-2.1.2.RELEASE.jar:2.1.2.RELEASE]
	at org.springframework.cloud.netflix.eureka.EurekaClientAutoConfiguration$RefreshableEurekaClientConfiguration.eurekaClient(EurekaClientAutoConfiguration.java:330) [spring-cloud-netflix-eureka-client-2.1.2.RELEASE.jar:2.1.2.RELEASE]
	at org.springframework.cloud.netflix.eureka.EurekaClientAutoConfiguration$RefreshableEurekaClientConfiguration$$EnhancerBySpringCGLIB$$45b8d95.CGLIB$eurekaClient$0(<generated>) [spring-cloud-netflix-eureka-client-2.1.2.RELEASE.jar:2.1.2.RELEASE]
	at org.springframework.cloud.netflix.eureka.EurekaClientAutoConfiguration$RefreshableEurekaClientConfiguration$$EnhancerBySpringCGLIB$$45b8d95$$FastClassBySpringCGLIB$$75c22a47.invoke(<generated>) [spring-cloud-netflix-eureka-client-2.1.2.RELEASE.jar:2.1.2.RELEASE]
	at org.springframework.cglib.proxy.MethodProxy.invokeSuper(MethodProxy.java:244) [spring-core-5.1.8.RELEASE.jar:5.1.8.RELEASE]
	at org.springframework.context.annotation.ConfigurationClassEnhancer$BeanMethodInterceptor.intercept(ConfigurationClassEnhancer.java:363) [spring-context-5.1.8.RELEASE.jar:5.1.8.RELEASE]
	at org.springframework.cloud.netflix.eureka.EurekaClientAutoConfiguration$RefreshableEurekaClientConfiguration$$EnhancerBySpringCGLIB$$45b8d95.eurekaClient(<generated>) [spring-cloud-netflix-eureka-client-2.1.2.RELEASE.jar:2.1.2.RELEASE]
	at sun.reflect.NativeMethodAccessorImpl.invoke0(Native Method) ~[na:1.8.0_212]
	at sun.reflect.NativeMethodAccessorImpl.invoke(NativeMethodAccessorImpl.java:62) ~[na:1.8.0_212]
	at sun.reflect.DelegatingMethodAccessorImpl.invoke(DelegatingMethodAccessorImpl.java:43) ~[na:1.8.0_212]
	at java.lang.reflect.Method.invoke(Method.java:498) ~[na:1.8.0_212]
	at org.springframework.beans.factory.support.SimpleInstantiationStrategy.instantiate(SimpleInstantiationStrategy.java:154) [spring-beans-5.1.8.RELEASE.jar:5.1.8.RELEASE]
	at org.springframework.beans.factory.support.ConstructorResolver.instantiate(ConstructorResolver.java:622) [spring-beans-5.1.8.RELEASE.jar:5.1.8.RELEASE]
	at org.springframework.beans.factory.support.ConstructorResolver.instantiateUsingFactoryMethod(ConstructorResolver.java:607) [spring-beans-5.1.8.RELEASE.jar:5.1.8.RELEASE]
	at org.springframework.beans.factory.support.AbstractAutowireCapableBeanFactory.instantiateUsingFactoryMethod(AbstractAutowireCapableBeanFactory.java:1321) [spring-beans-5.1.8.RELEASE.jar:5.1.8.RELEASE]
	at org.springframework.beans.factory.support.AbstractAutowireCapableBeanFactory.createBeanInstance(AbstractAutowireCapableBeanFactory.java:1160) [spring-beans-5.1.8.RELEASE.jar:5.1.8.RELEASE]
	at org.springframework.beans.factory.support.AbstractAutowireCapableBeanFactory.doCreateBean(AbstractAutowireCapableBeanFactory.java:555) [spring-beans-5.1.8.RELEASE.jar:5.1.8.RELEASE]
	at org.springframework.beans.factory.support.AbstractAutowireCapableBeanFactory.createBean(AbstractAutowireCapableBeanFactory.java:515) [spring-beans-5.1.8.RELEASE.jar:5.1.8.RELEASE]
	at org.springframework.beans.factory.support.AbstractBeanFactory.lambda$doGetBean$1(AbstractBeanFactory.java:356) [spring-beans-5.1.8.RELEASE.jar:5.1.8.RELEASE]
	at org.springframework.cloud.context.scope.GenericScope$BeanLifecycleWrapper.getBean(GenericScope.java:389) ~[spring-cloud-context-2.1.2.RELEASE.jar:2.1.2.RELEASE]
	at org.springframework.cloud.context.scope.GenericScope.get(GenericScope.java:186) ~[spring-cloud-context-2.1.2.RELEASE.jar:2.1.2.RELEASE]
	at org.springframework.beans.factory.support.AbstractBeanFactory.doGetBean(AbstractBeanFactory.java:353) [spring-beans-5.1.8.RELEASE.jar:5.1.8.RELEASE]
	at org.springframework.beans.factory.support.AbstractBeanFactory.getBean(AbstractBeanFactory.java:199) [spring-beans-5.1.8.RELEASE.jar:5.1.8.RELEASE]
	at org.springframework.aop.target.SimpleBeanTargetSource.getTarget(SimpleBeanTargetSource.java:35) ~[spring-aop-5.1.8.RELEASE.jar:5.1.8.RELEASE]
	at org.springframework.cloud.netflix.eureka.serviceregistry.EurekaRegistration.getTargetObject(EurekaRegistration.java:129) ~[spring-cloud-netflix-eureka-client-2.1.2.RELEASE.jar:2.1.2.RELEASE]
	at org.springframework.cloud.netflix.eureka.serviceregistry.EurekaRegistration.getEurekaClient(EurekaRegistration.java:117) ~[spring-cloud-netflix-eureka-client-2.1.2.RELEASE.jar:2.1.2.RELEASE]
	at sun.reflect.NativeMethodAccessorImpl.invoke0(Native Method) ~[na:1.8.0_212]
	at sun.reflect.NativeMethodAccessorImpl.invoke(NativeMethodAccessorImpl.java:62) ~[na:1.8.0_212]
	at sun.reflect.DelegatingMethodAccessorImpl.invoke(DelegatingMethodAccessorImpl.java:43) ~[na:1.8.0_212]
	at java.lang.reflect.Method.invoke(Method.java:498) ~[na:1.8.0_212]
	at org.springframework.util.ReflectionUtils.invokeMethod(ReflectionUtils.java:282) ~[spring-core-5.1.8.RELEASE.jar:5.1.8.RELEASE]
	at org.springframework.cloud.context.scope.GenericScope$LockedScopedProxyFactoryBean.invoke(GenericScope.java:499) ~[spring-cloud-context-2.1.2.RELEASE.jar:2.1.2.RELEASE]
	at org.springframework.aop.framework.ReflectiveMethodInvocation.proceed(ReflectiveMethodInvocation.java:186) ~[spring-aop-5.1.8.RELEASE.jar:5.1.8.RELEASE]
	at org.springframework.aop.framework.CglibAopProxy$DynamicAdvisedInterceptor.intercept(CglibAopProxy.java:688) ~[spring-aop-5.1.8.RELEASE.jar:5.1.8.RELEASE]
	at org.springframework.cloud.netflix.eureka.serviceregistry.EurekaRegistration$$EnhancerBySpringCGLIB$$274c365b.getEurekaClient(<generated>) ~[spring-cloud-netflix-eureka-client-2.1.2.RELEASE.jar:2.1.2.RELEASE]
	at org.springframework.cloud.netflix.eureka.serviceregistry.EurekaServiceRegistry.maybeInitializeClient(EurekaServiceRegistry.java:57) ~[spring-cloud-netflix-eureka-client-2.1.2.RELEASE.jar:2.1.2.RELEASE]
	at org.springframework.cloud.netflix.eureka.serviceregistry.EurekaServiceRegistry.register(EurekaServiceRegistry.java:38) ~[spring-cloud-netflix-eureka-client-2.1.2.RELEASE.jar:2.1.2.RELEASE]
	at org.springframework.cloud.netflix.eureka.serviceregistry.EurekaAutoServiceRegistration.start(EurekaAutoServiceRegistration.java:83) ~[spring-cloud-netflix-eureka-client-2.1.2.RELEASE.jar:2.1.2.RELEASE]
	at org.springframework.context.support.DefaultLifecycleProcessor.doStart(DefaultLifecycleProcessor.java:182) ~[spring-context-5.1.8.RELEASE.jar:5.1.8.RELEASE]
	at org.springframework.context.support.DefaultLifecycleProcessor.access$200(DefaultLifecycleProcessor.java:53) ~[spring-context-5.1.8.RELEASE.jar:5.1.8.RELEASE]
	at org.springframework.context.support.DefaultLifecycleProcessor$LifecycleGroup.start(DefaultLifecycleProcessor.java:360) ~[spring-context-5.1.8.RELEASE.jar:5.1.8.RELEASE]
	at org.springframework.context.support.DefaultLifecycleProcessor.startBeans(DefaultLifecycleProcessor.java:158) ~[spring-context-5.1.8.RELEASE.jar:5.1.8.RELEASE]
	at org.springframework.context.support.DefaultLifecycleProcessor.onRefresh(DefaultLifecycleProcessor.java:122) ~[spring-context-5.1.8.RELEASE.jar:5.1.8.RELEASE]
	at org.springframework.context.support.AbstractApplicationContext.finishRefresh(AbstractApplicationContext.java:893) ~[spring-context-5.1.8.RELEASE.jar:5.1.8.RELEASE]
	at org.springframework.boot.web.servlet.context.ServletWebServerApplicationContext.finishRefresh(ServletWebServerApplicationContext.java:161) ~[spring-boot-2.1.6.RELEASE.jar:2.1.6.RELEASE]
	at org.springframework.context.support.AbstractApplicationContext.refresh(AbstractApplicationContext.java:552) ~[spring-context-5.1.8.RELEASE.jar:5.1.8.RELEASE]
	at org.springframework.boot.web.servlet.context.ServletWebServerApplicationContext.refresh(ServletWebServerApplicationContext.java:140) ~[spring-boot-2.1.6.RELEASE.jar:2.1.6.RELEASE]
	at org.springframework.boot.SpringApplication.refresh(SpringApplication.java:742) ~[spring-boot-2.1.6.RELEASE.jar:2.1.6.RELEASE]
	at org.springframework.boot.SpringApplication.refreshContext(SpringApplication.java:389) ~[spring-boot-2.1.6.RELEASE.jar:2.1.6.RELEASE]
	at org.springframework.boot.SpringApplication.run(SpringApplication.java:311) ~[spring-boot-2.1.6.RELEASE.jar:2.1.6.RELEASE]
	at org.springframework.boot.SpringApplication.run(SpringApplication.java:1213) ~[spring-boot-2.1.6.RELEASE.jar:2.1.6.RELEASE]
	at org.springframework.boot.SpringApplication.run(SpringApplication.java:1202) ~[spring-boot-2.1.6.RELEASE.jar:2.1.6.RELEASE]
	at com.ulta.product.ProductApplication.main(ProductApplication.java:14) ~[classes/:na]

2019-08-07 12:44:56.849  WARN [Product,,,] 13144 --- [main] com.netflix.discovery.DiscoveryClient    : Using default backup registry implementation which does not do anything.
2019-08-07 12:44:56.856  INFO [Product,,,] 13144 --- [main] com.netflix.discovery.DiscoveryClient    : Starting heartbeat executor: renew interval is: 30
2019-08-07 12:44:56.862  INFO [Product,,,] 13144 --- [main] c.n.discovery.InstanceInfoReplicator     : InstanceInfoReplicator onDemand update allowed rate per min is 4
2019-08-07 12:44:56.874  INFO [Product,,,] 13144 --- [main] com.netflix.discovery.DiscoveryClient    : Discovery Client initialized at timestamp 1565162096871 with initial instances count: 0
2019-08-07 12:44:56.886  INFO [Product,,,] 13144 --- [main] o.s.c.n.e.s.EurekaServiceRegistry        : Registering application PRODUCT with eureka with status UP
2019-08-07 12:44:56.889  INFO [Product,,,] 13144 --- [main] com.netflix.discovery.DiscoveryClient    : Saw local status change event StatusChangeEvent [timestamp=1565162096889, current=UP, previous=STARTING]
2019-08-07 12:44:56.893  INFO [Product,,,] 13144 --- [main] d.s.w.p.DocumentationPluginsBootstrapper : Context refreshed
2019-08-07 12:44:56.896  INFO [Product,,,] 13144 --- [DiscoveryClient-InstanceInfoReplicator-0] com.netflix.discovery.DiscoveryClient    : DiscoveryClient_PRODUCT/LP-5CD6518TGB.HCLT.CORP.HCL.IN:Product:9090: registering service...
2019-08-07 12:44:56.941  INFO [Product,,,] 13144 --- [main] d.s.w.p.DocumentationPluginsBootstrapper : Found 1 custom documentation plugin(s)
2019-08-07 12:44:57.019  INFO [Product,,,] 13144 --- [main] s.d.s.w.s.ApiListingReferenceScanner     : Scanning for api listing references
2019-08-07 12:44:58.877  INFO [Product,,,] 13144 --- [main] o.s.b.w.embedded.tomcat.TomcatWebServer  : Tomcat started on port(s): 9090 (http) with context path ''
2019-08-07 12:44:58.878  INFO [Product,,,] 13144 --- [main] .s.c.n.e.s.EurekaAutoServiceRegistration : Updating port to 9090
2019-08-07 12:44:58.881  INFO [Product,,,] 13144 --- [main] com.ulta.product.ProductApplication      : Started ProductApplication in 23.918 seconds (JVM running for 26.941)
2019-08-07 12:44:58.928 ERROR [Product,,,] 13144 --- [DiscoveryClient-InstanceInfoReplicator-0] c.n.d.s.t.d.RedirectingEurekaHttpClient  : Request execution error. endpoint=DefaultEndpoint{ serviceUrl='http://localhost:8761/eureka/}

com.sun.jersey.api.client.ClientHandlerException: java.net.ConnectException: Connection refused: connect
	at com.sun.jersey.client.apache4.ApacheHttpClient4Handler.handle(ApacheHttpClient4Handler.java:187) ~[jersey-apache-client4-1.19.1.jar:1.19.1]
	at com.sun.jersey.api.client.filter.GZIPContentEncodingFilter.handle(GZIPContentEncodingFilter.java:123) ~[jersey-client-1.19.1.jar:1.19.1]
	at com.netflix.discovery.EurekaIdentityHeaderFilter.handle(EurekaIdentityHeaderFilter.java:27) ~[eureka-client-1.9.12.jar:1.9.12]
	at com.sun.jersey.api.client.Client.handle(Client.java:652) ~[jersey-client-1.19.1.jar:1.19.1]
	at com.sun.jersey.api.client.WebResource.handle(WebResource.java:682) ~[jersey-client-1.19.1.jar:1.19.1]
	at com.sun.jersey.api.client.WebResource.access$200(WebResource.java:74) ~[jersey-client-1.19.1.jar:1.19.1]
	at com.sun.jersey.api.client.WebResource$Builder.post(WebResource.java:570) ~[jersey-client-1.19.1.jar:1.19.1]
	at com.netflix.discovery.shared.transport.jersey.AbstractJerseyEurekaHttpClient.register(AbstractJerseyEurekaHttpClient.java:56) ~[eureka-client-1.9.12.jar:1.9.12]
	at com.netflix.discovery.shared.transport.decorator.EurekaHttpClientDecorator$1.execute(EurekaHttpClientDecorator.java:59) [eureka-client-1.9.12.jar:1.9.12]
	at com.netflix.discovery.shared.transport.decorator.MetricsCollectingEurekaHttpClient.execute(MetricsCollectingEurekaHttpClient.java:73) ~[eureka-client-1.9.12.jar:1.9.12]
	at com.netflix.discovery.shared.transport.decorator.EurekaHttpClientDecorator.register(EurekaHttpClientDecorator.java:56) [eureka-client-1.9.12.jar:1.9.12]
	at com.netflix.discovery.shared.transport.decorator.EurekaHttpClientDecorator$1.execute(EurekaHttpClientDecorator.java:59) [eureka-client-1.9.12.jar:1.9.12]
	at com.netflix.discovery.shared.transport.decorator.RedirectingEurekaHttpClient.executeOnNewServer(RedirectingEurekaHttpClient.java:118) ~[eureka-client-1.9.12.jar:1.9.12]
	at com.netflix.discovery.shared.transport.decorator.RedirectingEurekaHttpClient.execute(RedirectingEurekaHttpClient.java:79) ~[eureka-client-1.9.12.jar:1.9.12]
	at com.netflix.discovery.shared.transport.decorator.EurekaHttpClientDecorator.register(EurekaHttpClientDecorator.java:56) [eureka-client-1.9.12.jar:1.9.12]
	at com.netflix.discovery.shared.transport.decorator.EurekaHttpClientDecorator$1.execute(EurekaHttpClientDecorator.java:59) [eureka-client-1.9.12.jar:1.9.12]
	at com.netflix.discovery.shared.transport.decorator.RetryableEurekaHttpClient.execute(RetryableEurekaHttpClient.java:120) [eureka-client-1.9.12.jar:1.9.12]
	at com.netflix.discovery.shared.transport.decorator.EurekaHttpClientDecorator.register(EurekaHttpClientDecorator.java:56) [eureka-client-1.9.12.jar:1.9.12]
	at com.netflix.discovery.shared.transport.decorator.EurekaHttpClientDecorator$1.execute(EurekaHttpClientDecorator.java:59) [eureka-client-1.9.12.jar:1.9.12]
	at com.netflix.discovery.shared.transport.decorator.SessionedEurekaHttpClient.execute(SessionedEurekaHttpClient.java:77) [eureka-client-1.9.12.jar:1.9.12]
	at com.netflix.discovery.shared.transport.decorator.EurekaHttpClientDecorator.register(EurekaHttpClientDecorator.java:56) [eureka-client-1.9.12.jar:1.9.12]
	at com.netflix.discovery.DiscoveryClient.register(DiscoveryClient.java:847) [eureka-client-1.9.12.jar:1.9.12]
	at com.netflix.discovery.InstanceInfoReplicator.run(InstanceInfoReplicator.java:121) [eureka-client-1.9.12.jar:1.9.12]
	at com.netflix.discovery.InstanceInfoReplicator$1.run(InstanceInfoReplicator.java:101) [eureka-client-1.9.12.jar:1.9.12]
	at java.util.concurrent.Executors$RunnableAdapter.call(Executors.java:511) [na:1.8.0_212]
	at java.util.concurrent.FutureTask.run(FutureTask.java:266) [na:1.8.0_212]
	at java.util.concurrent.ScheduledThreadPoolExecutor$ScheduledFutureTask.access$201(ScheduledThreadPoolExecutor.java:180) [na:1.8.0_212]
	at java.util.concurrent.ScheduledThreadPoolExecutor$ScheduledFutureTask.run(ScheduledThreadPoolExecutor.java:293) [na:1.8.0_212]
	at java.util.concurrent.ThreadPoolExecutor.runWorker(ThreadPoolExecutor.java:1149) [na:1.8.0_212]
	at java.util.concurrent.ThreadPoolExecutor$Worker.run(ThreadPoolExecutor.java:624) [na:1.8.0_212]
	at java.lang.Thread.run(Thread.java:748) [na:1.8.0_212]
Caused by: java.net.ConnectException: Connection refused: connect
	at java.net.DualStackPlainSocketImpl.waitForConnect(Native Method) ~[na:1.8.0_212]
	at java.net.DualStackPlainSocketImpl.socketConnect(DualStackPlainSocketImpl.java:85) ~[na:1.8.0_212]
	at java.net.AbstractPlainSocketImpl.doConnect(AbstractPlainSocketImpl.java:350) ~[na:1.8.0_212]
	at java.net.AbstractPlainSocketImpl.connectToAddress(AbstractPlainSocketImpl.java:206) ~[na:1.8.0_212]
	at java.net.AbstractPlainSocketImpl.connect(AbstractPlainSocketImpl.java:188) ~[na:1.8.0_212]
	at java.net.PlainSocketImpl.connect(PlainSocketImpl.java:172) ~[na:1.8.0_212]
	at java.net.SocksSocketImpl.connect(SocksSocketImpl.java:392) ~[na:1.8.0_212]
	at java.net.Socket.connect(Socket.java:589) ~[na:1.8.0_212]
	at org.apache.http.conn.scheme.PlainSocketFactory.connectSocket(PlainSocketFactory.java:121) ~[httpclient-4.5.9.jar:4.5.9]
	at org.apache.http.impl.conn.DefaultClientConnectionOperator.openConnection(DefaultClientConnectionOperator.java:180) ~[httpclient-4.5.9.jar:4.5.9]
	at org.apache.http.impl.conn.AbstractPoolEntry.open(AbstractPoolEntry.java:144) ~[httpclient-4.5.9.jar:4.5.9]
	at org.apache.http.impl.conn.AbstractPooledConnAdapter.open(AbstractPooledConnAdapter.java:134) ~[httpclient-4.5.9.jar:4.5.9]
	at org.apache.http.impl.client.DefaultRequestDirector.tryConnect(DefaultRequestDirector.java:605) ~[httpclient-4.5.9.jar:4.5.9]
	at org.apache.http.impl.client.DefaultRequestDirector.execute(DefaultRequestDirector.java:440) ~[httpclient-4.5.9.jar:4.5.9]
	at org.apache.http.impl.client.AbstractHttpClient.doExecute(AbstractHttpClient.java:835) ~[httpclient-4.5.9.jar:4.5.9]
	at org.apache.http.impl.client.CloseableHttpClient.execute(CloseableHttpClient.java:118) ~[httpclient-4.5.9.jar:4.5.9]
	at org.apache.http.impl.client.CloseableHttpClient.execute(CloseableHttpClient.java:56) ~[httpclient-4.5.9.jar:4.5.9]
	at com.sun.jersey.client.apache4.ApacheHttpClient4Handler.handle(ApacheHttpClient4Handler.java:173) ~[jersey-apache-client4-1.19.1.jar:1.19.1]
	... 30 common frames omitted

2019-08-07 12:44:58.929  WARN [Product,,,] 13144 --- [DiscoveryClient-InstanceInfoReplicator-0] c.n.d.s.t.d.RetryableEurekaHttpClient    : Request execution failed with message: java.net.ConnectException: Connection refused: connect
2019-08-07 12:44:58.929  WARN [Product,,,] 13144 --- [DiscoveryClient-InstanceInfoReplicator-0] com.netflix.discovery.DiscoveryClient    : DiscoveryClient_PRODUCT/LP-5CD6518TGB.HCLT.CORP.HCL.IN:Product:9090 - registration failed Cannot execute request on any known server

com.netflix.discovery.shared.transport.TransportException: Cannot execute request on any known server
	at com.netflix.discovery.shared.transport.decorator.RetryableEurekaHttpClient.execute(RetryableEurekaHttpClient.java:112) ~[eureka-client-1.9.12.jar:1.9.12]
	at com.netflix.discovery.shared.transport.decorator.EurekaHttpClientDecorator.register(EurekaHttpClientDecorator.java:56) ~[eureka-client-1.9.12.jar:1.9.12]
	at com.netflix.discovery.shared.transport.decorator.EurekaHttpClientDecorator$1.execute(EurekaHttpClientDecorator.java:59) ~[eureka-client-1.9.12.jar:1.9.12]
	at com.netflix.discovery.shared.transport.decorator.SessionedEurekaHttpClient.execute(SessionedEurekaHttpClient.java:77) ~[eureka-client-1.9.12.jar:1.9.12]
	at com.netflix.discovery.shared.transport.decorator.EurekaHttpClientDecorator.register(EurekaHttpClientDecorator.java:56) ~[eureka-client-1.9.12.jar:1.9.12]
	at com.netflix.discovery.DiscoveryClient.register(DiscoveryClient.java:847) ~[eureka-client-1.9.12.jar:1.9.12]
	at com.netflix.discovery.InstanceInfoReplicator.run(InstanceInfoReplicator.java:121) [eureka-client-1.9.12.jar:1.9.12]
	at com.netflix.discovery.InstanceInfoReplicator$1.run(InstanceInfoReplicator.java:101) [eureka-client-1.9.12.jar:1.9.12]
	at java.util.concurrent.Executors$RunnableAdapter.call(Executors.java:511) [na:1.8.0_212]
	at java.util.concurrent.FutureTask.run(FutureTask.java:266) [na:1.8.0_212]
	at java.util.concurrent.ScheduledThreadPoolExecutor$ScheduledFutureTask.access$201(ScheduledThreadPoolExecutor.java:180) [na:1.8.0_212]
	at java.util.concurrent.ScheduledThreadPoolExecutor$ScheduledFutureTask.run(ScheduledThreadPoolExecutor.java:293) [na:1.8.0_212]
	at java.util.concurrent.ThreadPoolExecutor.runWorker(ThreadPoolExecutor.java:1149) [na:1.8.0_212]
	at java.util.concurrent.ThreadPoolExecutor$Worker.run(ThreadPoolExecutor.java:624) [na:1.8.0_212]
	at java.lang.Thread.run(Thread.java:748) [na:1.8.0_212]

2019-08-07 12:44:58.930  WARN [Product,,,] 13144 --- [DiscoveryClient-InstanceInfoReplicator-0] c.n.discovery.InstanceInfoReplicator     : There was a problem with the instance info replicator

com.netflix.discovery.shared.transport.TransportException: Cannot execute request on any known server
	at com.netflix.discovery.shared.transport.decorator.RetryableEurekaHttpClient.execute(RetryableEurekaHttpClient.java:112) ~[eureka-client-1.9.12.jar:1.9.12]
	at com.netflix.discovery.shared.transport.decorator.EurekaHttpClientDecorator.register(EurekaHttpClientDecorator.java:56) ~[eureka-client-1.9.12.jar:1.9.12]
	at com.netflix.discovery.shared.transport.decorator.EurekaHttpClientDecorator$1.execute(EurekaHttpClientDecorator.java:59) ~[eureka-client-1.9.12.jar:1.9.12]
	at com.netflix.discovery.shared.transport.decorator.SessionedEurekaHttpClient.execute(SessionedEurekaHttpClient.java:77) ~[eureka-client-1.9.12.jar:1.9.12]
	at com.netflix.discovery.shared.transport.decorator.EurekaHttpClientDecorator.register(EurekaHttpClientDecorator.java:56) ~[eureka-client-1.9.12.jar:1.9.12]
	at com.netflix.discovery.DiscoveryClient.register(DiscoveryClient.java:847) ~[eureka-client-1.9.12.jar:1.9.12]
	at com.netflix.discovery.InstanceInfoReplicator.run(InstanceInfoReplicator.java:121) ~[eureka-client-1.9.12.jar:1.9.12]
	at com.netflix.discovery.InstanceInfoReplicator$1.run(InstanceInfoReplicator.java:101) [eureka-client-1.9.12.jar:1.9.12]
	at java.util.concurrent.Executors$RunnableAdapter.call(Executors.java:511) [na:1.8.0_212]
	at java.util.concurrent.FutureTask.run(FutureTask.java:266) [na:1.8.0_212]
	at java.util.concurrent.ScheduledThreadPoolExecutor$ScheduledFutureTask.access$201(ScheduledThreadPoolExecutor.java:180) [na:1.8.0_212]
	at java.util.concurrent.ScheduledThreadPoolExecutor$ScheduledFutureTask.run(ScheduledThreadPoolExecutor.java:293) [na:1.8.0_212]
	at java.util.concurrent.ThreadPoolExecutor.runWorker(ThreadPoolExecutor.java:1149) [na:1.8.0_212]
	at java.util.concurrent.ThreadPoolExecutor$Worker.run(ThreadPoolExecutor.java:624) [na:1.8.0_212]
	at java.lang.Thread.run(Thread.java:748) [na:1.8.0_212]

2019-08-07 12:47:17.431  INFO [Product,,,] 7296 --- [main] c.c.c.ConfigServicePropertySourceLocator : Fetching config from server at : http://localhost:8980
2019-08-07 12:47:17.504 DEBUG [Product,,,] 7296 --- [main] o.s.web.client.RestTemplate              : HTTP GET http://localhost:8980/Product/development
2019-08-07 12:47:17.685 DEBUG [Product,,,] 7296 --- [main] o.s.web.client.RestTemplate              : Accept=[application/json, application/cbor, application/*+json]
2019-08-07 12:47:19.287 DEBUG [Product,,,] 7296 --- [main] o.s.web.client.RestTemplate              : Response 200 OK
2019-08-07 12:47:19.290 DEBUG [Product,,,] 7296 --- [main] o.s.web.client.RestTemplate              : Reading to [org.springframework.cloud.config.environment.Environment]
2019-08-07 12:47:19.315  INFO [Product,,,] 7296 --- [main] c.c.c.ConfigServicePropertySourceLocator : Located environment: name=Product, profiles=[development], label=null, version=99d0a0eed953c044e0aa547cb3575b4141eb87f6, state=null
2019-08-07 12:47:19.316  INFO [Product,,,] 7296 --- [main] b.c.PropertySourceBootstrapConfiguration : Located property source: CompositePropertySource {name='configService', propertySources=[MapPropertySource {name='configClient'}, MapPropertySource {name='https://github.com/pravalk/External-Configuration.git/Product-development.properties'}]}
2019-08-07 12:47:19.426  INFO [Product,,,] 7296 --- [main] com.ulta.product.ProductApplication      : The following profiles are active: development
2019-08-07 12:47:21.917  WARN [Product,,,] 7296 --- [main] o.s.boot.actuate.endpoint.EndpointId     : Endpoint ID 'service-registry' contains invalid characters, please migrate to a valid format.
2019-08-07 12:47:22.458  INFO [Product,,,] 7296 --- [main] o.s.cloud.context.scope.GenericScope     : BeanFactory id=8c067042-8f64-37f7-bc01-cf026a2e8e6a
2019-08-07 12:47:23.038  INFO [Product,,,] 7296 --- [main] trationDelegate$BeanPostProcessorChecker : Bean 'org.springframework.cloud.autoconfigure.ConfigurationPropertiesRebinderAutoConfiguration' of type [org.springframework.cloud.autoconfigure.ConfigurationPropertiesRebinderAutoConfiguration$$EnhancerBySpringCGLIB$$f5fab54c] is not eligible for getting processed by all BeanPostProcessors (for example: not eligible for auto-proxying)
2019-08-07 12:47:23.116 ERROR [Product,,,] 7296 --- [main] o.a.catalina.core.AprLifecycleListener   : An incompatible version [1.2.10] of the APR based Apache Tomcat Native library is installed, while Tomcat requires version [1.2.14]
2019-08-07 12:47:23.720 ERROR [Product,,,] 7296 --- [main] o.a.catalina.core.AprLifecycleListener   : An incompatible version [1.2.10] of the APR based Apache Tomcat Native library is installed, while Tomcat requires version [1.2.14]
2019-08-07 12:47:23.879  INFO [Product,,,] 7296 --- [main] o.s.b.w.embedded.tomcat.TomcatWebServer  : Tomcat initialized with port(s): 9090 (http)
2019-08-07 12:47:23.912 ERROR [Product,,,] 7296 --- [main] o.a.catalina.core.AprLifecycleListener   : An incompatible version [1.2.10] of the APR based Apache Tomcat Native library is installed, while Tomcat requires version [1.2.14]
2019-08-07 12:47:23.933  INFO [Product,,,] 7296 --- [main] o.apache.catalina.core.StandardService   : Starting service [Tomcat]
2019-08-07 12:47:23.933  INFO [Product,,,] 7296 --- [main] org.apache.catalina.core.StandardEngine  : Starting Servlet engine: [Apache Tomcat/9.0.21]
2019-08-07 12:47:25.552  INFO [Product,,,] 7296 --- [main] o.a.c.c.C.[Tomcat].[localhost].[/]       : Initializing Spring embedded WebApplicationContext
2019-08-07 12:47:25.553 DEBUG [Product,,,] 7296 --- [main] o.s.web.context.ContextLoader            : Published root WebApplicationContext as ServletContext attribute with name [org.springframework.web.context.WebApplicationContext.ROOT]
2019-08-07 12:47:25.553  INFO [Product,,,] 7296 --- [main] o.s.web.context.ContextLoader            : Root WebApplicationContext: initialization completed in 6088 ms
2019-08-07 12:47:25.848  WARN [Product,,,] 7296 --- [main] c.n.c.sources.URLConfigurationSource     : No URLs will be polled as dynamic configuration sources.
2019-08-07 12:47:25.849  INFO [Product,,,] 7296 --- [main] c.n.c.sources.URLConfigurationSource     : To enable URLs as dynamic configuration sources, define System property archaius.configurationSource.additionalUrls or make config.properties available on classpath.
2019-08-07 12:47:25.883  INFO [Product,,,] 7296 --- [main] c.netflix.config.DynamicPropertyFactory  : DynamicPropertyFactory is initialized with configuration sources: com.netflix.config.ConcurrentCompositeConfiguration@31da0434
2019-08-07 12:47:28.891 DEBUG [Product,,,] 7296 --- [main] s.w.s.m.m.a.RequestMappingHandlerMapping : 6 mappings in 'requestMappingHandlerMapping'
2019-08-07 12:47:28.970  INFO [Product,,,] 7296 --- [main] o.s.b.a.e.web.EndpointLinksResolver      : Exposing 1 endpoint(s) beneath base path '/actuator'
2019-08-07 12:47:29.235  INFO [Product,,,] 7296 --- [main] pertySourcedRequestMappingHandlerMapping : Mapped URL path [/v2/api-docs] onto method [public org.springframework.http.ResponseEntity<springfox.documentation.spring.web.json.Json> springfox.documentation.swagger2.web.Swagger2Controller.getDocumentation(java.lang.String,javax.servlet.http.HttpServletRequest)]
2019-08-07 12:47:29.276  WARN [Product,,,] 7296 --- [main] c.n.c.sources.URLConfigurationSource     : No URLs will be polled as dynamic configuration sources.
2019-08-07 12:47:29.277  INFO [Product,,,] 7296 --- [main] c.n.c.sources.URLConfigurationSource     : To enable URLs as dynamic configuration sources, define System property archaius.configurationSource.additionalUrls or make config.properties available on classpath.
2019-08-07 12:47:29.478 DEBUG [Product,,,] 7296 --- [main] o.s.w.s.handler.SimpleUrlHandlerMapping  : Patterns [/**/favicon.ico] in 'faviconHandlerMapping'
2019-08-07 12:47:29.744  INFO [Product,,,] 7296 --- [main] o.s.s.concurrent.ThreadPoolTaskExecutor  : Initializing ExecutorService 'applicationTaskExecutor'
2019-08-07 12:47:29.832 DEBUG [Product,,,] 7296 --- [main] s.w.s.m.m.a.RequestMappingHandlerAdapter : ControllerAdvice beans: 0 @ModelAttribute, 0 @InitBinder, 1 RequestBodyAdvice, 1 ResponseBodyAdvice
2019-08-07 12:47:29.919 DEBUG [Product,,,] 7296 --- [main] o.s.w.s.handler.SimpleUrlHandlerMapping  : Patterns [/webjars/**, /**] in 'resourceHandlerMapping'
2019-08-07 12:47:29.937 DEBUG [Product,,,] 7296 --- [main] .m.m.a.ExceptionHandlerExceptionResolver : ControllerAdvice beans: 1 @ExceptionHandler, 1 ResponseBodyAdvice
2019-08-07 12:47:31.757  INFO [Product,,,] 7296 --- [main] o.s.c.n.eureka.InstanceInfoFactory       : Setting initial instance status as: STARTING
2019-08-07 12:47:31.833  INFO [Product,,,] 7296 --- [main] com.netflix.discovery.DiscoveryClient    : Initializing Eureka in region us-east-1
2019-08-07 12:47:32.197  INFO [Product,,,] 7296 --- [main] c.n.d.provider.DiscoveryJerseyProvider   : Using JSON encoding codec LegacyJacksonJson
2019-08-07 12:47:32.197  INFO [Product,,,] 7296 --- [main] c.n.d.provider.DiscoveryJerseyProvider   : Using JSON decoding codec LegacyJacksonJson
2019-08-07 12:47:32.432  INFO [Product,,,] 7296 --- [main] c.n.d.provider.DiscoveryJerseyProvider   : Using XML encoding codec XStreamXml
2019-08-07 12:47:32.432  INFO [Product,,,] 7296 --- [main] c.n.d.provider.DiscoveryJerseyProvider   : Using XML decoding codec XStreamXml
2019-08-07 12:47:32.822  INFO [Product,,,] 7296 --- [main] c.n.d.s.r.aws.ConfigClusterResolver      : Resolving eureka endpoints via configuration
2019-08-07 12:47:33.129  INFO [Product,,,] 7296 --- [main] com.netflix.discovery.DiscoveryClient    : Disable delta property : false
2019-08-07 12:47:33.130  INFO [Product,,,] 7296 --- [main] com.netflix.discovery.DiscoveryClient    : Single vip registry refresh property : null
2019-08-07 12:47:33.130  INFO [Product,,,] 7296 --- [main] com.netflix.discovery.DiscoveryClient    : Force full registry fetch : false
2019-08-07 12:47:33.131  INFO [Product,,,] 7296 --- [main] com.netflix.discovery.DiscoveryClient    : Application is null : false
2019-08-07 12:47:33.131  INFO [Product,,,] 7296 --- [main] com.netflix.discovery.DiscoveryClient    : Registered Applications size is zero : true
2019-08-07 12:47:33.131  INFO [Product,,,] 7296 --- [main] com.netflix.discovery.DiscoveryClient    : Application version is -1: true
2019-08-07 12:47:33.132  INFO [Product,,,] 7296 --- [main] com.netflix.discovery.DiscoveryClient    : Getting all instance registry info from the eureka server
2019-08-07 12:47:33.575  INFO [Product,,,] 7296 --- [main] com.netflix.discovery.DiscoveryClient    : The response status is 200
2019-08-07 12:47:33.578  INFO [Product,,,] 7296 --- [main] com.netflix.discovery.DiscoveryClient    : Starting heartbeat executor: renew interval is: 30
2019-08-07 12:47:33.582  INFO [Product,,,] 7296 --- [main] c.n.discovery.InstanceInfoReplicator     : InstanceInfoReplicator onDemand update allowed rate per min is 4
2019-08-07 12:47:33.588  INFO [Product,,,] 7296 --- [main] com.netflix.discovery.DiscoveryClient    : Discovery Client initialized at timestamp 1565162253585 with initial instances count: 0
2019-08-07 12:47:33.599  INFO [Product,,,] 7296 --- [main] o.s.c.n.e.s.EurekaServiceRegistry        : Registering application PRODUCT with eureka with status UP
2019-08-07 12:47:33.600  INFO [Product,,,] 7296 --- [main] com.netflix.discovery.DiscoveryClient    : Saw local status change event StatusChangeEvent [timestamp=1565162253600, current=UP, previous=STARTING]
2019-08-07 12:47:33.605  INFO [Product,,,] 7296 --- [main] d.s.w.p.DocumentationPluginsBootstrapper : Context refreshed
2019-08-07 12:47:33.607  INFO [Product,,,] 7296 --- [DiscoveryClient-InstanceInfoReplicator-0] com.netflix.discovery.DiscoveryClient    : DiscoveryClient_PRODUCT/LP-5CD6518TGB.HCLT.CORP.HCL.IN:Product:9090: registering service...
2019-08-07 12:47:33.672  INFO [Product,,,] 7296 --- [main] d.s.w.p.DocumentationPluginsBootstrapper : Found 1 custom documentation plugin(s)
2019-08-07 12:47:34.060  INFO [Product,,,] 7296 --- [main] s.d.s.w.s.ApiListingReferenceScanner     : Scanning for api listing references
2019-08-07 12:47:34.091  INFO [Product,,,] 7296 --- [DiscoveryClient-InstanceInfoReplicator-0] com.netflix.discovery.DiscoveryClient    : DiscoveryClient_PRODUCT/LP-5CD6518TGB.HCLT.CORP.HCL.IN:Product:9090 - registration status: 204
2019-08-07 12:47:36.050  INFO [Product,,,] 7296 --- [main] o.s.b.w.embedded.tomcat.TomcatWebServer  : Tomcat started on port(s): 9090 (http) with context path ''
2019-08-07 12:47:36.052  INFO [Product,,,] 7296 --- [main] .s.c.n.e.s.EurekaAutoServiceRegistration : Updating port to 9090
2019-08-07 12:47:36.056  INFO [Product,,,] 7296 --- [main] com.ulta.product.ProductApplication      : Started ProductApplication in 20.889 seconds (JVM running for 23.698)
2019-08-07 12:48:03.579  INFO [Product,,,] 7296 --- [DiscoveryClient-CacheRefreshExecutor-0] com.netflix.discovery.DiscoveryClient    : Disable delta property : false
2019-08-07 12:48:03.580  INFO [Product,,,] 7296 --- [DiscoveryClient-CacheRefreshExecutor-0] com.netflix.discovery.DiscoveryClient    : Single vip registry refresh property : null
2019-08-07 12:48:03.581  INFO [Product,,,] 7296 --- [DiscoveryClient-CacheRefreshExecutor-0] com.netflix.discovery.DiscoveryClient    : Force full registry fetch : false
2019-08-07 12:48:03.581  INFO [Product,,,] 7296 --- [DiscoveryClient-CacheRefreshExecutor-0] com.netflix.discovery.DiscoveryClient    : Application is null : false
2019-08-07 12:48:03.582  INFO [Product,,,] 7296 --- [DiscoveryClient-CacheRefreshExecutor-0] com.netflix.discovery.DiscoveryClient    : Registered Applications size is zero : true
2019-08-07 12:48:03.582  INFO [Product,,,] 7296 --- [DiscoveryClient-CacheRefreshExecutor-0] com.netflix.discovery.DiscoveryClient    : Application version is -1: false
2019-08-07 12:48:03.583  INFO [Product,,,] 7296 --- [DiscoveryClient-CacheRefreshExecutor-0] com.netflix.discovery.DiscoveryClient    : Getting all instance registry info from the eureka server
2019-08-07 12:48:03.653  INFO [Product,,,] 7296 --- [DiscoveryClient-CacheRefreshExecutor-0] com.netflix.discovery.DiscoveryClient    : The response status is 200
2019-08-07 12:48:22.594  INFO [Product,,,] 7296 --- [http-nio-9090-exec-1] o.a.c.c.C.[Tomcat].[localhost].[/]       : Initializing Spring DispatcherServlet 'dispatcherServlet'
2019-08-07 12:48:22.595  INFO [Product,,,] 7296 --- [http-nio-9090-exec-1] o.s.web.servlet.DispatcherServlet        : Initializing Servlet 'dispatcherServlet'
2019-08-07 12:48:22.595 DEBUG [Product,,,] 7296 --- [http-nio-9090-exec-1] o.s.web.servlet.DispatcherServlet        : Detected StandardServletMultipartResolver
2019-08-07 12:48:22.630 DEBUG [Product,,,] 7296 --- [http-nio-9090-exec-1] o.s.web.servlet.DispatcherServlet        : enableLoggingRequestDetails='false': request parameters and headers will be masked to prevent unsafe logging of potentially sensitive data
2019-08-07 12:48:22.631  INFO [Product,,,] 7296 --- [http-nio-9090-exec-1] o.s.web.servlet.DispatcherServlet        : Completed initialization in 36 ms
2019-08-07 12:48:22.685 DEBUG [Product,5d4a7b3edb4b3736be8e45885b69206e,be8e45885b69206e,true] 7296 --- [http-nio-9090-exec-1] o.s.web.servlet.DispatcherServlet        : GET "/products/coffee", parameters={}
2019-08-07 12:48:22.704 DEBUG [Product,5d4a7b3edb4b3736be8e45885b69206e,be8e45885b69206e,true] 7296 --- [http-nio-9090-exec-1] s.w.s.m.m.a.RequestMappingHandlerMapping : Mapped to public org.springframework.http.ResponseEntity<io.sphere.sdk.products.Product> com.ulta.product.controller.ProductController.getProductByKey(java.lang.String) throws com.ulta.product.exception.ProductException
2019-08-07 12:48:22.732  INFO [Product,5d4a7b3edb4b3736be8e45885b69206e,be8e45885b69206e,true] 7296 --- [http-nio-9090-exec-1] c.u.p.controller.ProductController       : getProductByKey method start
2019-08-07 12:48:24.014  INFO [Product,5d4a7b3edb4b3736be8e45885b69206e,be8e45885b69206e,true] 7296 --- [http-nio-9090-exec-1] c.u.p.controller.ProductController       : getProductByKey method start
2019-08-07 12:48:24.022 DEBUG [Product,5d4a7b3edb4b3736be8e45885b69206e,be8e45885b69206e,true] 7296 --- [http-nio-9090-exec-1] o.s.w.s.m.m.a.HttpEntityMethodProcessor  : Using 'application/json;q=0.8', given [text/html, application/xhtml+xml, image/webp, image/apng, application/signed-exchange;v=b3, application/xml;q=0.9, */*;q=0.8] and supported [application/json]
2019-08-07 12:48:24.054 DEBUG [Product,5d4a7b3edb4b3736be8e45885b69206e,be8e45885b69206e,true] 7296 --- [http-nio-9090-exec-1] o.s.w.s.m.m.a.HttpEntityMethodProcessor  : Writing [ProductImpl[createdAt=2019-07-19T10:29:03.069Z,id=00a1e34b-31fc-4342-a4f9-8d7aec917b4c,key=coffee,la (truncated)...]
2019-08-07 12:48:24.095 DEBUG [Product,5d4a7b3edb4b3736be8e45885b69206e,be8e45885b69206e,true] 7296 --- [http-nio-9090-exec-1] o.s.web.servlet.DispatcherServlet        : Completed 200 OK
2019-08-07 12:48:24.850  INFO [Product,,,] 7296 --- [AsyncReporter{org.springframework.cloud.sleuth.zipkin2.sender.RestTemplateSender@526f6427}] c.netflix.config.ChainedDynamicProperty  : Flipping property: localhost.ribbon.ActiveConnectionsLimit to use NEXT property: niws.loadbalancer.availabilityFilteringRule.activeConnectionsLimit = 2147483647
2019-08-07 12:48:24.893  INFO [Product,,,] 7296 --- [AsyncReporter{org.springframework.cloud.sleuth.zipkin2.sender.RestTemplateSender@526f6427}] c.n.u.concurrent.ShutdownEnabledTimer    : Shutdown hook installed for: NFLoadBalancer-PingTimer-localhost
2019-08-07 12:48:24.894  INFO [Product,,,] 7296 --- [AsyncReporter{org.springframework.cloud.sleuth.zipkin2.sender.RestTemplateSender@526f6427}] c.netflix.loadbalancer.BaseLoadBalancer  : Client: localhost instantiated a LoadBalancer: DynamicServerListLoadBalancer:{NFLoadBalancer:name=localhost,current list of Servers=[],Load balancer stats=Zone stats: {},Server stats: []}ServerList:null
2019-08-07 12:48:24.904  INFO [Product,,,] 7296 --- [AsyncReporter{org.springframework.cloud.sleuth.zipkin2.sender.RestTemplateSender@526f6427}] c.n.l.DynamicServerListLoadBalancer      : Using serverListUpdater PollingServerListUpdater
2019-08-07 12:48:24.912  INFO [Product,,,] 7296 --- [AsyncReporter{org.springframework.cloud.sleuth.zipkin2.sender.RestTemplateSender@526f6427}] c.n.l.DynamicServerListLoadBalancer      : DynamicServerListLoadBalancer for client localhost initialized: DynamicServerListLoadBalancer:{NFLoadBalancer:name=localhost,current list of Servers=[],Load balancer stats=Zone stats: {},Server stats: []}ServerList:org.springframework.cloud.netflix.ribbon.eureka.DomainExtractingServerList@aa0da55
2019-08-07 12:48:24.935 DEBUG [Product,,,] 7296 --- [AsyncReporter{org.springframework.cloud.sleuth.zipkin2.sender.RestTemplateSender@526f6427}] org.springframework.web.HttpLogging      : HTTP POST http://localhost:9411/api/v2/spans
2019-08-07 12:48:24.936 DEBUG [Product,,,] 7296 --- [AsyncReporter{org.springframework.cloud.sleuth.zipkin2.sender.RestTemplateSender@526f6427}] org.springframework.web.HttpLogging      : Accept=[text/plain, application/json, application/cbor, application/*+json, */*]
2019-08-07 12:48:24.937 DEBUG [Product,,,] 7296 --- [AsyncReporter{org.springframework.cloud.sleuth.zipkin2.sender.RestTemplateSender@526f6427}] org.springframework.web.HttpLogging      : Writing [[B@2de68c4d] as "application/json"
2019-08-07 12:49:29.611 DEBUG [Product,5d4a7b819d532b80a8256897c914bf80,a8256897c914bf80,false] 7296 --- [http-nio-9090-exec-5] o.s.web.servlet.DispatcherServlet        : POST "/actuator/refresh", parameters={}
2019-08-07 12:49:29.619 DEBUG [Product,5d4a7b819d532b80a8256897c914bf80,a8256897c914bf80,false] 7296 --- [http-nio-9090-exec-5] m.m.a.RequestResponseBodyMethodProcessor : Read "application/json;charset=UTF-8" to []
2019-08-07 12:49:30.285  INFO [Product,5d4a7b819d532b80a8256897c914bf80,a8256897c914bf80,false] 7296 --- [http-nio-9090-exec-5] trationDelegate$BeanPostProcessorChecker : Bean 'org.springframework.cloud.autoconfigure.ConfigurationPropertiesRebinderAutoConfiguration' of type [org.springframework.cloud.autoconfigure.ConfigurationPropertiesRebinderAutoConfiguration$$EnhancerBySpringCGLIB$$f5fab54c] is not eligible for getting processed by all BeanPostProcessors (for example: not eligible for auto-proxying)
2019-08-07 12:49:30.878  INFO [Product,5d4a7b819d532b80a8256897c914bf80,a8256897c914bf80,false] 7296 --- [http-nio-9090-exec-5] c.c.c.ConfigServicePropertySourceLocator : Fetching config from server at : http://localhost:8980
2019-08-07 12:49:30.879 DEBUG [Product,5d4a7b819d532b80a8256897c914bf80,a8256897c914bf80,false] 7296 --- [http-nio-9090-exec-5] o.s.web.client.RestTemplate              : HTTP GET http://localhost:8980/Product/development
2019-08-07 12:49:30.895 DEBUG [Product,5d4a7b819d532b80a8256897c914bf80,a8256897c914bf80,false] 7296 --- [http-nio-9090-exec-5] o.s.web.client.RestTemplate              : Accept=[application/json, application/cbor, application/*+json]
2019-08-07 12:49:33.813 DEBUG [Product,5d4a7b819d532b80a8256897c914bf80,a8256897c914bf80,false] 7296 --- [http-nio-9090-exec-5] o.s.web.client.RestTemplate              : Response 200 OK
2019-08-07 12:49:33.814 DEBUG [Product,5d4a7b819d532b80a8256897c914bf80,a8256897c914bf80,false] 7296 --- [http-nio-9090-exec-5] o.s.web.client.RestTemplate              : Reading to [org.springframework.cloud.config.environment.Environment]
2019-08-07 12:49:33.815  INFO [Product,5d4a7b819d532b80a8256897c914bf80,a8256897c914bf80,false] 7296 --- [http-nio-9090-exec-5] c.c.c.ConfigServicePropertySourceLocator : Located environment: name=Product, profiles=[development], label=null, version=6be86b0ac6979e43a68324e8366129004f411151, state=null
2019-08-07 12:49:33.816  INFO [Product,5d4a7b819d532b80a8256897c914bf80,a8256897c914bf80,false] 7296 --- [http-nio-9090-exec-5] b.c.PropertySourceBootstrapConfiguration : Located property source: CompositePropertySource {name='configService', propertySources=[MapPropertySource {name='configClient'}, MapPropertySource {name='https://github.com/pravalk/External-Configuration.git/Product-development.properties'}]}
2019-08-07 12:49:33.842  INFO [Product,5d4a7b819d532b80a8256897c914bf80,a8256897c914bf80,false] 7296 --- [http-nio-9090-exec-5] o.s.boot.SpringApplication               : The following profiles are active: development
2019-08-07 12:49:33.849  INFO [Product,5d4a7b819d532b80a8256897c914bf80,a8256897c914bf80,false] 7296 --- [http-nio-9090-exec-5] o.s.boot.SpringApplication               : Started application in 4.145 seconds (JVM running for 141.491)
2019-08-07 12:49:34.108  INFO [Product,5d4a7b819d532b80a8256897c914bf80,a8256897c914bf80,false] 7296 --- [http-nio-9090-exec-5] com.netflix.discovery.DiscoveryClient    : Shutting down DiscoveryClient ...
2019-08-07 12:49:37.111  INFO [Product,5d4a7b819d532b80a8256897c914bf80,a8256897c914bf80,false] 7296 --- [http-nio-9090-exec-5] com.netflix.discovery.DiscoveryClient    : Unregistering ...
2019-08-07 12:49:37.121  INFO [Product,5d4a7b819d532b80a8256897c914bf80,a8256897c914bf80,false] 7296 --- [http-nio-9090-exec-5] com.netflix.discovery.DiscoveryClient    : DiscoveryClient_PRODUCT/LP-5CD6518TGB.HCLT.CORP.HCL.IN:Product:9090 - deregister  status: 200
2019-08-07 12:49:37.205  INFO [Product,5d4a7b819d532b80a8256897c914bf80,a8256897c914bf80,false] 7296 --- [http-nio-9090-exec-5] com.netflix.discovery.DiscoveryClient    : Completed shut down of DiscoveryClient
2019-08-07 12:49:37.208  INFO [Product,5d4a7b819d532b80a8256897c914bf80,a8256897c914bf80,false] 7296 --- [http-nio-9090-exec-5] o.s.c.n.eureka.InstanceInfoFactory       : Setting initial instance status as: STARTING
2019-08-07 12:49:37.210  INFO [Product,5d4a7b819d532b80a8256897c914bf80,a8256897c914bf80,false] 7296 --- [http-nio-9090-exec-5] com.netflix.discovery.DiscoveryClient    : Initializing Eureka in region us-east-1
2019-08-07 12:49:37.222  INFO [Product,5d4a7b819d532b80a8256897c914bf80,a8256897c914bf80,false] 7296 --- [http-nio-9090-exec-5] c.n.d.provider.DiscoveryJerseyProvider   : Using JSON encoding codec LegacyJacksonJson
2019-08-07 12:49:37.223  INFO [Product,5d4a7b819d532b80a8256897c914bf80,a8256897c914bf80,false] 7296 --- [http-nio-9090-exec-5] c.n.d.provider.DiscoveryJerseyProvider   : Using JSON decoding codec LegacyJacksonJson
2019-08-07 12:49:37.224  INFO [Product,5d4a7b819d532b80a8256897c914bf80,a8256897c914bf80,false] 7296 --- [http-nio-9090-exec-5] c.n.d.provider.DiscoveryJerseyProvider   : Using XML encoding codec XStreamXml
2019-08-07 12:49:37.224  INFO [Product,5d4a7b819d532b80a8256897c914bf80,a8256897c914bf80,false] 7296 --- [http-nio-9090-exec-5] c.n.d.provider.DiscoveryJerseyProvider   : Using XML decoding codec XStreamXml
2019-08-07 12:49:37.442  INFO [Product,5d4a7b819d532b80a8256897c914bf80,a8256897c914bf80,false] 7296 --- [http-nio-9090-exec-5] c.n.d.s.r.aws.ConfigClusterResolver      : Resolving eureka endpoints via configuration
2019-08-07 12:49:37.443  INFO [Product,5d4a7b819d532b80a8256897c914bf80,a8256897c914bf80,false] 7296 --- [http-nio-9090-exec-5] com.netflix.discovery.DiscoveryClient    : Disable delta property : false
2019-08-07 12:49:37.443  INFO [Product,5d4a7b819d532b80a8256897c914bf80,a8256897c914bf80,false] 7296 --- [http-nio-9090-exec-5] com.netflix.discovery.DiscoveryClient    : Single vip registry refresh property : null
2019-08-07 12:49:37.443  INFO [Product,5d4a7b819d532b80a8256897c914bf80,a8256897c914bf80,false] 7296 --- [http-nio-9090-exec-5] com.netflix.discovery.DiscoveryClient    : Force full registry fetch : false
2019-08-07 12:49:37.444  INFO [Product,5d4a7b819d532b80a8256897c914bf80,a8256897c914bf80,false] 7296 --- [http-nio-9090-exec-5] com.netflix.discovery.DiscoveryClient    : Application is null : false
2019-08-07 12:49:37.444  INFO [Product,5d4a7b819d532b80a8256897c914bf80,a8256897c914bf80,false] 7296 --- [http-nio-9090-exec-5] com.netflix.discovery.DiscoveryClient    : Registered Applications size is zero : true
2019-08-07 12:49:37.444  INFO [Product,5d4a7b819d532b80a8256897c914bf80,a8256897c914bf80,false] 7296 --- [http-nio-9090-exec-5] com.netflix.discovery.DiscoveryClient    : Application version is -1: true
2019-08-07 12:49:37.444  INFO [Product,5d4a7b819d532b80a8256897c914bf80,a8256897c914bf80,false] 7296 --- [http-nio-9090-exec-5] com.netflix.discovery.DiscoveryClient    : Getting all instance registry info from the eureka server
2019-08-07 12:49:37.459  INFO [Product,5d4a7b819d532b80a8256897c914bf80,a8256897c914bf80,false] 7296 --- [http-nio-9090-exec-5] com.netflix.discovery.DiscoveryClient    : The response status is 200
2019-08-07 12:49:37.460  INFO [Product,5d4a7b819d532b80a8256897c914bf80,a8256897c914bf80,false] 7296 --- [http-nio-9090-exec-5] com.netflix.discovery.DiscoveryClient    : Starting heartbeat executor: renew interval is: 30
2019-08-07 12:49:37.461  INFO [Product,5d4a7b819d532b80a8256897c914bf80,a8256897c914bf80,false] 7296 --- [http-nio-9090-exec-5] c.n.discovery.InstanceInfoReplicator     : InstanceInfoReplicator onDemand update allowed rate per min is 4
2019-08-07 12:49:37.464  INFO [Product,5d4a7b819d532b80a8256897c914bf80,a8256897c914bf80,false] 7296 --- [http-nio-9090-exec-5] com.netflix.discovery.DiscoveryClient    : Discovery Client initialized at timestamp 1565162377464 with initial instances count: 1
2019-08-07 12:49:37.477  INFO [Product,5d4a7b819d532b80a8256897c914bf80,a8256897c914bf80,false] 7296 --- [http-nio-9090-exec-5] o.s.c.n.e.s.EurekaServiceRegistry        : Unregistering application PRODUCT with eureka with status DOWN
2019-08-07 12:49:37.478  WARN [Product,5d4a7b819d532b80a8256897c914bf80,a8256897c914bf80,false] 7296 --- [http-nio-9090-exec-5] com.netflix.discovery.DiscoveryClient    : Saw local status change event StatusChangeEvent [timestamp=1565162377478, current=DOWN, previous=STARTING]
2019-08-07 12:49:37.478  INFO [Product,5d4a7b819d532b80a8256897c914bf80,a8256897c914bf80,false] 7296 --- [http-nio-9090-exec-5] o.s.c.n.e.s.EurekaServiceRegistry        : Registering application PRODUCT with eureka with status UP
2019-08-07 12:49:37.478  WARN [Product,5d4a7b819d532b80a8256897c914bf80,a8256897c914bf80,false] 7296 --- [http-nio-9090-exec-5] com.netflix.discovery.DiscoveryClient    : Saw local status change event StatusChangeEvent [timestamp=1565162377478, current=UP, previous=DOWN]
2019-08-07 12:49:37.480 DEBUG [Product,5d4a7b819d532b80a8256897c914bf80,a8256897c914bf80,false] 7296 --- [http-nio-9090-exec-5] m.m.a.RequestResponseBodyMethodProcessor : Using 'application/vnd.spring-boot.actuator.v2+json', given [*/*] and supported [application/vnd.spring-boot.actuator.v2+json, application/json]
2019-08-07 12:49:37.482 DEBUG [Product,5d4a7b819d532b80a8256897c914bf80,a8256897c914bf80,false] 7296 --- [http-nio-9090-exec-5] m.m.a.RequestResponseBodyMethodProcessor : Writing [[config.client.version, no.data]]
2019-08-07 12:49:37.484 DEBUG [Product,5d4a7b819d532b80a8256897c914bf80,a8256897c914bf80,false] 7296 --- [http-nio-9090-exec-5] o.s.web.servlet.DispatcherServlet        : Completed 200 OK
2019-08-07 12:49:37.501  INFO [Product,,,] 7296 --- [DiscoveryClient-InstanceInfoReplicator-0] com.netflix.discovery.DiscoveryClient    : DiscoveryClient_PRODUCT/LP-5CD6518TGB.HCLT.CORP.HCL.IN:Product:9090: registering service...
2019-08-07 12:49:37.533  INFO [Product,,,] 7296 --- [DiscoveryClient-InstanceInfoReplicator-0] com.netflix.discovery.DiscoveryClient    : DiscoveryClient_PRODUCT/LP-5CD6518TGB.HCLT.CORP.HCL.IN:Product:9090 - registration status: 204
2019-08-07 12:49:46.670 DEBUG [Product,5d4a7b9253edf0744e7698a7e82d6b4b,4e7698a7e82d6b4b,true] 7296 --- [http-nio-9090-exec-6] o.s.web.servlet.DispatcherServlet        : GET "/products/coffee", parameters={}
2019-08-07 12:49:46.672 DEBUG [Product,5d4a7b9253edf0744e7698a7e82d6b4b,4e7698a7e82d6b4b,true] 7296 --- [http-nio-9090-exec-6] s.w.s.m.m.a.RequestMappingHandlerMapping : Mapped to public org.springframework.http.ResponseEntity<io.sphere.sdk.products.Product> com.ulta.product.controller.ProductController.getProductByKey(java.lang.String) throws com.ulta.product.exception.ProductException
2019-08-07 12:49:46.715  INFO [Product,5d4a7b9253edf0744e7698a7e82d6b4b,4e7698a7e82d6b4b,true] 7296 --- [http-nio-9090-exec-6] c.u.p.controller.ProductController       : getProductByKey method start
2019-08-07 12:49:56.796 DEBUG [Product,5d4a7b9253edf0744e7698a7e82d6b4b,4e7698a7e82d6b4b,true] 7296 --- [http-nio-9090-exec-6] .m.m.a.ExceptionHandlerExceptionResolver : Using @ExceptionHandler public final org.springframework.http.ResponseEntity<com.ulta.product.exception.ErrorDetails> com.ulta.product.exception.GlobalExceptionHandler.handleException(com.ulta.product.exception.ProductException)
2019-08-07 12:49:56.801 DEBUG [Product,5d4a7b9253edf0744e7698a7e82d6b4b,4e7698a7e82d6b4b,true] 7296 --- [http-nio-9090-exec-6] o.s.w.s.m.m.a.HttpEntityMethodProcessor  : Using 'application/json;q=0.8', given [text/html, application/xhtml+xml, image/webp, image/apng, application/signed-exchange;v=b3, application/xml;q=0.9, */*;q=0.8] and supported [application/json, application/*+json, application/json, application/*+json, application/cbor]
2019-08-07 12:49:56.801 DEBUG [Product,5d4a7b9253edf0744e7698a7e82d6b4b,4e7698a7e82d6b4b,true] 7296 --- [http-nio-9090-exec-6] o.s.w.s.m.m.a.HttpEntityMethodProcessor  : Writing [com.ulta.product.exception.ErrorDetails@66fdb92a]
2019-08-07 12:49:56.802 ERROR [Product,,,] 7296 --- [ForkJoinPool.commonPool-worker-2] sphere.oauth                             : Failed to fetch token.

java.util.concurrent.CompletionException: io.sphere.sdk.http.HttpException: The underlying HTTP client detected a problem.
	at java.util.concurrent.CompletableFuture.encodeThrowable(CompletableFuture.java:292) ~[na:1.8.0_212]
	at java.util.concurrent.CompletableFuture.completeThrowable(CompletableFuture.java:308) ~[na:1.8.0_212]
	at java.util.concurrent.CompletableFuture.uniApply(CompletableFuture.java:593) ~[na:1.8.0_212]
	at java.util.concurrent.CompletableFuture$UniApply.tryFire(CompletableFuture.java:577) ~[na:1.8.0_212]
	at java.util.concurrent.CompletableFuture.postComplete(CompletableFuture.java:474) ~[na:1.8.0_212]
	at java.util.concurrent.CompletableFuture.completeExceptionally(CompletableFuture.java:1977) ~[na:1.8.0_212]
	at io.sphere.sdk.http.HttpClientAdapterBase.lambda$execute$1(HttpClientAdapterBase.java:56) ~[commercetools-sdk-base-1.35.0.jar:na]
	at java.util.concurrent.CompletableFuture.uniWhenComplete(CompletableFuture.java:760) ~[na:1.8.0_212]
	at java.util.concurrent.CompletableFuture$UniWhenComplete.tryFire(CompletableFuture.java:736) ~[na:1.8.0_212]
	at java.util.concurrent.CompletableFuture.postComplete(CompletableFuture.java:474) ~[na:1.8.0_212]
	at java.util.concurrent.CompletableFuture.completeExceptionally(CompletableFuture.java:1977) ~[na:1.8.0_212]
	at io.sphere.sdk.http.ResponseAsyncCompletionHandler.onThrowable(ResponseAsyncCompletionHandler.java:23) ~[sdk-http-ahc-2_0-1.35.0.jar:na]
	at org.asynchttpclient.netty.NettyResponseFuture.abort(NettyResponseFuture.java:278) ~[async-http-client-2.4.5.jar:na]
	at org.asynchttpclient.netty.channel.NettyConnectListener.onFailure(NettyConnectListener.java:182) ~[async-http-client-2.4.5.jar:na]
	at org.asynchttpclient.netty.channel.NettyConnectListener$1.onFailure(NettyConnectListener.java:151) ~[async-http-client-2.4.5.jar:na]
	at org.asynchttpclient.netty.SimpleFutureListener.operationComplete(SimpleFutureListener.java:26) ~[async-http-client-2.4.5.jar:na]
	at io.netty.util.concurrent.DefaultPromise.notifyListener0(DefaultPromise.java:502) ~[netty-common-4.1.36.Final.jar:4.1.36.Final]
	at io.netty.util.concurrent.DefaultPromise.notifyListeners0(DefaultPromise.java:495) ~[netty-common-4.1.36.Final.jar:4.1.36.Final]
	at io.netty.util.concurrent.DefaultPromise.notifyListenersNow(DefaultPromise.java:474) ~[netty-common-4.1.36.Final.jar:4.1.36.Final]
	at io.netty.util.concurrent.DefaultPromise.notifyListeners(DefaultPromise.java:415) ~[netty-common-4.1.36.Final.jar:4.1.36.Final]
	at io.netty.util.concurrent.DefaultPromise.setValue0(DefaultPromise.java:540) ~[netty-common-4.1.36.Final.jar:4.1.36.Final]
	at io.netty.util.concurrent.DefaultPromise.setFailure0(DefaultPromise.java:533) ~[netty-common-4.1.36.Final.jar:4.1.36.Final]
	at io.netty.util.concurrent.DefaultPromise.tryFailure(DefaultPromise.java:114) ~[netty-common-4.1.36.Final.jar:4.1.36.Final]
	at io.netty.handler.ssl.SslHandler$4.run(SslHandler.java:1992) ~[netty-handler-4.1.36.Final.jar:4.1.36.Final]
	at io.netty.util.concurrent.PromiseTask$RunnableAdapter.call(PromiseTask.java:38) ~[netty-common-4.1.36.Final.jar:4.1.36.Final]
	at io.netty.util.concurrent.ScheduledFutureTask.run(ScheduledFutureTask.java:127) ~[netty-common-4.1.36.Final.jar:4.1.36.Final]
	at io.netty.util.concurrent.AbstractEventExecutor.safeExecute(AbstractEventExecutor.java:163) ~[netty-common-4.1.36.Final.jar:4.1.36.Final]
	at io.netty.util.concurrent.SingleThreadEventExecutor.runAllTasks(SingleThreadEventExecutor.java:405) ~[netty-common-4.1.36.Final.jar:4.1.36.Final]
	at io.netty.channel.nio.NioEventLoop.run(NioEventLoop.java:500) ~[netty-transport-4.1.36.Final.jar:4.1.36.Final]
	at io.netty.util.concurrent.SingleThreadEventExecutor$5.run(SingleThreadEventExecutor.java:906) ~[netty-common-4.1.36.Final.jar:4.1.36.Final]
	at io.netty.util.internal.ThreadExecutorMap$2.run(ThreadExecutorMap.java:74) ~[netty-common-4.1.36.Final.jar:4.1.36.Final]
	at io.netty.util.concurrent.FastThreadLocalRunnable.run(FastThreadLocalRunnable.java:30) ~[netty-common-4.1.36.Final.jar:4.1.36.Final]
	at java.lang.Thread.run(Thread.java:748) ~[na:1.8.0_212]
Caused by: io.sphere.sdk.http.HttpException: The underlying HTTP client detected a problem.
	at io.sphere.sdk.http.HttpClientAdapterBase.lambda$execute$1(HttpClientAdapterBase.java:53) ~[commercetools-sdk-base-1.35.0.jar:na]
	... 26 common frames omitted
Caused by: java.net.ConnectException: handshake timed out
	at org.asynchttpclient.netty.channel.NettyConnectListener.onFailure(NettyConnectListener.java:180) ~[async-http-client-2.4.5.jar:na]
	... 19 common frames omitted
Caused by: javax.net.ssl.SSLException: handshake timed out
	at io.netty.handler.ssl.SslHandler.handshake(...)(Unknown Source) ~[netty-handler-4.1.36.Final.jar:4.1.36.Final]

2019-08-07 12:49:56.802 ERROR [Product,,,] 7296 --- [pool-17-thread-1] sphere.oauth                             : Can't fetch tokens.

java.util.concurrent.CompletionException: io.sphere.sdk.http.HttpException: The underlying HTTP client detected a problem.
	at java.util.concurrent.CompletableFuture.encodeThrowable(CompletableFuture.java:292) ~[na:1.8.0_212]
	at java.util.concurrent.CompletableFuture.completeThrowable(CompletableFuture.java:308) ~[na:1.8.0_212]
	at java.util.concurrent.CompletableFuture.uniApply(CompletableFuture.java:593) ~[na:1.8.0_212]
	at java.util.concurrent.CompletableFuture$UniApply.tryFire(CompletableFuture.java:577) ~[na:1.8.0_212]
	at java.util.concurrent.CompletableFuture.postComplete(CompletableFuture.java:474) ~[na:1.8.0_212]
	at java.util.concurrent.CompletableFuture.completeExceptionally(CompletableFuture.java:1977) ~[na:1.8.0_212]
	at io.sphere.sdk.http.HttpClientAdapterBase.lambda$execute$1(HttpClientAdapterBase.java:56) ~[commercetools-sdk-base-1.35.0.jar:na]
	at java.util.concurrent.CompletableFuture.uniWhenComplete(CompletableFuture.java:760) ~[na:1.8.0_212]
	at java.util.concurrent.CompletableFuture$UniWhenComplete.tryFire(CompletableFuture.java:736) ~[na:1.8.0_212]
	at java.util.concurrent.CompletableFuture.postComplete(CompletableFuture.java:474) ~[na:1.8.0_212]
	at java.util.concurrent.CompletableFuture.completeExceptionally(CompletableFuture.java:1977) ~[na:1.8.0_212]
	at io.sphere.sdk.http.ResponseAsyncCompletionHandler.onThrowable(ResponseAsyncCompletionHandler.java:23) ~[sdk-http-ahc-2_0-1.35.0.jar:na]
	at org.asynchttpclient.netty.NettyResponseFuture.abort(NettyResponseFuture.java:278) ~[async-http-client-2.4.5.jar:na]
	at org.asynchttpclient.netty.channel.NettyConnectListener.onFailure(NettyConnectListener.java:182) ~[async-http-client-2.4.5.jar:na]
	at org.asynchttpclient.netty.channel.NettyConnectListener$1.onFailure(NettyConnectListener.java:151) ~[async-http-client-2.4.5.jar:na]
	at org.asynchttpclient.netty.SimpleFutureListener.operationComplete(SimpleFutureListener.java:26) ~[async-http-client-2.4.5.jar:na]
	at io.netty.util.concurrent.DefaultPromise.notifyListener0(DefaultPromise.java:502) ~[netty-common-4.1.36.Final.jar:4.1.36.Final]
	at io.netty.util.concurrent.DefaultPromise.notifyListeners0(DefaultPromise.java:495) ~[netty-common-4.1.36.Final.jar:4.1.36.Final]
	at io.netty.util.concurrent.DefaultPromise.notifyListenersNow(DefaultPromise.java:474) ~[netty-common-4.1.36.Final.jar:4.1.36.Final]
	at io.netty.util.concurrent.DefaultPromise.notifyListeners(DefaultPromise.java:415) ~[netty-common-4.1.36.Final.jar:4.1.36.Final]
	at io.netty.util.concurrent.DefaultPromise.setValue0(DefaultPromise.java:540) ~[netty-common-4.1.36.Final.jar:4.1.36.Final]
	at io.netty.util.concurrent.DefaultPromise.setFailure0(DefaultPromise.java:533) ~[netty-common-4.1.36.Final.jar:4.1.36.Final]
	at io.netty.util.concurrent.DefaultPromise.tryFailure(DefaultPromise.java:114) ~[netty-common-4.1.36.Final.jar:4.1.36.Final]
	at io.netty.handler.ssl.SslHandler$4.run(SslHandler.java:1992) ~[netty-handler-4.1.36.Final.jar:4.1.36.Final]
	at io.netty.util.concurrent.PromiseTask$RunnableAdapter.call(PromiseTask.java:38) ~[netty-common-4.1.36.Final.jar:4.1.36.Final]
	at io.netty.util.concurrent.ScheduledFutureTask.run(ScheduledFutureTask.java:127) ~[netty-common-4.1.36.Final.jar:4.1.36.Final]
	at io.netty.util.concurrent.AbstractEventExecutor.safeExecute(AbstractEventExecutor.java:163) ~[netty-common-4.1.36.Final.jar:4.1.36.Final]
	at io.netty.util.concurrent.SingleThreadEventExecutor.runAllTasks(SingleThreadEventExecutor.java:405) ~[netty-common-4.1.36.Final.jar:4.1.36.Final]
	at io.netty.channel.nio.NioEventLoop.run(NioEventLoop.java:500) ~[netty-transport-4.1.36.Final.jar:4.1.36.Final]
	at io.netty.util.concurrent.SingleThreadEventExecutor$5.run(SingleThreadEventExecutor.java:906) ~[netty-common-4.1.36.Final.jar:4.1.36.Final]
	at io.netty.util.internal.ThreadExecutorMap$2.run(ThreadExecutorMap.java:74) ~[netty-common-4.1.36.Final.jar:4.1.36.Final]
	at io.netty.util.concurrent.FastThreadLocalRunnable.run(FastThreadLocalRunnable.java:30) ~[netty-common-4.1.36.Final.jar:4.1.36.Final]
	at java.lang.Thread.run(Thread.java:748) ~[na:1.8.0_212]
Caused by: io.sphere.sdk.http.HttpException: The underlying HTTP client detected a problem.
	at io.sphere.sdk.http.HttpClientAdapterBase.lambda$execute$1(HttpClientAdapterBase.java:53) ~[commercetools-sdk-base-1.35.0.jar:na]
	... 26 common frames omitted
Caused by: java.net.ConnectException: handshake timed out
	at org.asynchttpclient.netty.channel.NettyConnectListener.onFailure(NettyConnectListener.java:180) ~[async-http-client-2.4.5.jar:na]
	... 19 common frames omitted
Caused by: javax.net.ssl.SSLException: handshake timed out
	at io.netty.handler.ssl.SslHandler.handshake(...)(Unknown Source) ~[netty-handler-4.1.36.Final.jar:4.1.36.Final]

2019-08-07 12:49:56.805 DEBUG [Product,5d4a7b9253edf0744e7698a7e82d6b4b,4e7698a7e82d6b4b,true] 7296 --- [http-nio-9090-exec-6] .m.m.a.ExceptionHandlerExceptionResolver : Resolved [com.ulta.product.exception.ProductException: io.sphere.sdk.http.HttpException: The underlying HTTP client detected a problem.]
2019-08-07 12:49:56.807 DEBUG [Product,5d4a7b9253edf0744e7698a7e82d6b4b,4e7698a7e82d6b4b,true] 7296 --- [http-nio-9090-exec-6] o.s.web.servlet.DispatcherServlet        : Completed 500 INTERNAL_SERVER_ERROR
2019-08-07 12:49:56.836 DEBUG [Product,5d4a7b9c316b32d6b13b7a934ec2554d,b13b7a934ec2554d,false] 7296 --- [http-nio-9090-exec-8] o.s.web.servlet.DispatcherServlet        : GET "/favicon.ico", parameters={}
2019-08-07 12:49:56.839 DEBUG [Product,5d4a7b9c316b32d6b13b7a934ec2554d,b13b7a934ec2554d,false] 7296 --- [http-nio-9090-exec-8] o.s.w.s.handler.SimpleUrlHandlerMapping  : Mapped to ResourceHttpRequestHandler [class path resource [META-INF/resources/], class path resource [resources/], class path resource [static/], class path resource [public/], ServletContext resource [/], class path resource []]
2019-08-07 12:49:56.897 DEBUG [Product,5d4a7b9c316b32d6b13b7a934ec2554d,b13b7a934ec2554d,false] 7296 --- [http-nio-9090-exec-8] o.s.web.servlet.DispatcherServlet        : Completed 200 OK
2019-08-07 12:49:57.009 DEBUG [Product,,,] 7296 --- [AsyncReporter{org.springframework.cloud.sleuth.zipkin2.sender.RestTemplateSender@526f6427}] org.springframework.web.HttpLogging      : HTTP POST http://localhost:9411/api/v2/spans
2019-08-07 12:49:57.009 DEBUG [Product,,,] 7296 --- [AsyncReporter{org.springframework.cloud.sleuth.zipkin2.sender.RestTemplateSender@526f6427}] org.springframework.web.HttpLogging      : Accept=[text/plain, application/json, application/cbor, application/*+json, */*]
2019-08-07 12:49:57.010 DEBUG [Product,,,] 7296 --- [AsyncReporter{org.springframework.cloud.sleuth.zipkin2.sender.RestTemplateSender@526f6427}] org.springframework.web.HttpLogging      : Writing [[B@a446452] as "application/json"
2019-08-07 12:50:08.399 DEBUG [Product,5d4a7ba81784df6d5d1b6350695e4cde,5d1b6350695e4cde,true] 7296 --- [http-nio-9090-exec-9] o.s.web.servlet.DispatcherServlet        : GET "/products/coffee", parameters={}
2019-08-07 12:50:08.402 DEBUG [Product,5d4a7ba81784df6d5d1b6350695e4cde,5d1b6350695e4cde,true] 7296 --- [http-nio-9090-exec-9] s.w.s.m.m.a.RequestMappingHandlerMapping : Mapped to public org.springframework.http.ResponseEntity<io.sphere.sdk.products.Product> com.ulta.product.controller.ProductController.getProductByKey(java.lang.String) throws com.ulta.product.exception.ProductException
2019-08-07 12:50:08.403  INFO [Product,5d4a7ba81784df6d5d1b6350695e4cde,5d1b6350695e4cde,true] 7296 --- [http-nio-9090-exec-9] c.u.p.controller.ProductController       : getProductByKey method start
2019-08-07 12:50:09.213  INFO [Product,5d4a7ba81784df6d5d1b6350695e4cde,5d1b6350695e4cde,true] 7296 --- [http-nio-9090-exec-9] c.u.p.controller.ProductController       : getProductByKey method start
2019-08-07 12:50:09.214 DEBUG [Product,5d4a7ba81784df6d5d1b6350695e4cde,5d1b6350695e4cde,true] 7296 --- [http-nio-9090-exec-9] o.s.w.s.m.m.a.HttpEntityMethodProcessor  : Using 'application/json;q=0.8', given [text/html, application/xhtml+xml, image/webp, image/apng, application/signed-exchange;v=b3, application/xml;q=0.9, */*;q=0.8] and supported [application/json]
2019-08-07 12:50:09.222 DEBUG [Product,5d4a7ba81784df6d5d1b6350695e4cde,5d1b6350695e4cde,true] 7296 --- [http-nio-9090-exec-9] o.s.w.s.m.m.a.HttpEntityMethodProcessor  : Writing [ProductImpl[createdAt=2019-07-19T10:29:03.069Z,id=00a1e34b-31fc-4342-a4f9-8d7aec917b4c,key=coffee,la (truncated)...]
2019-08-07 12:50:09.227 DEBUG [Product,5d4a7ba81784df6d5d1b6350695e4cde,5d1b6350695e4cde,true] 7296 --- [http-nio-9090-exec-9] o.s.web.servlet.DispatcherServlet        : Completed 200 OK
2019-08-07 12:50:09.280 DEBUG [Product,5d4a7ba9e43e8d6205f6e411f1c22e9c,05f6e411f1c22e9c,false] 7296 --- [http-nio-9090-exec-10] o.s.web.servlet.DispatcherServlet        : GET "/favicon.ico", parameters={}
2019-08-07 12:50:09.280 DEBUG [Product,5d4a7ba9e43e8d6205f6e411f1c22e9c,05f6e411f1c22e9c,false] 7296 --- [http-nio-9090-exec-10] o.s.w.s.handler.SimpleUrlHandlerMapping  : Mapped to ResourceHttpRequestHandler [class path resource [META-INF/resources/], class path resource [resources/], class path resource [static/], class path resource [public/], ServletContext resource [/], class path resource []]
2019-08-07 12:50:09.321 DEBUG [Product,5d4a7ba9e43e8d6205f6e411f1c22e9c,05f6e411f1c22e9c,false] 7296 --- [http-nio-9090-exec-10] o.s.web.servlet.DispatcherServlet        : Completed 200 OK
2019-08-07 12:50:10.020 DEBUG [Product,,,] 7296 --- [AsyncReporter{org.springframework.cloud.sleuth.zipkin2.sender.RestTemplateSender@526f6427}] org.springframework.web.HttpLogging      : HTTP POST http://localhost:9411/api/v2/spans
2019-08-07 12:50:10.021 DEBUG [Product,,,] 7296 --- [AsyncReporter{org.springframework.cloud.sleuth.zipkin2.sender.RestTemplateSender@526f6427}] org.springframework.web.HttpLogging      : Accept=[text/plain, application/json, application/cbor, application/*+json, */*]
2019-08-07 12:50:10.022 DEBUG [Product,,,] 7296 --- [AsyncReporter{org.springframework.cloud.sleuth.zipkin2.sender.RestTemplateSender@526f6427}] org.springframework.web.HttpLogging      : Writing [[B@135905b3] as "application/json"
